#
# A fatal error has been detected by the Java Runtime Environment:
#
#  SIGSEGV (0xb) at pc=0x0000000000000003, pid=74129, tid=70675
#
# JRE version: OpenJDK Runtime Environment (14.0.1+7) (build 14.0.1+7)
# Java VM: OpenJDK 64-Bit Server VM (14.0.1+7, mixed mode, sharing, tiered, compressed oops, g1 gc, bsd-amd64)
# Problematic frame:
# C  0x0000000000000003
#
# No core dump will be written. Core dumps have been disabled. To enable core dumping, try "ulimit -c unlimited" before starting Java again
#
# If you would like to submit a bug report, please visit:
#   https://bugreport.java.com/bugreport/crash.jsp
#

---------------  S U M M A R Y ------------

Command Line: -javaagent:/Applications/IntelliJ IDEA.app/Contents/lib/idea_rt.jar=59903:/Applications/IntelliJ IDEA.app/Contents/bin -Dfile.encoding=UTF-8 Main

Host: MacBookPro15,1 x86_64 2600 MHz, 12 cores, 32G, Darwin 20.2.0
Time: Mon Apr  5 08:04:57 2021 CDT elapsed time: 1 seconds (0d 0h 0m 1s)

---------------  T H R E A D  ---------------

Current thread (0x00007fc17d81d800):  GCTaskThread "GC Thread#3" [stack: 0x000070000ff98000,0x0000700010098000] [id=70675]

Stack: [0x000070000ff98000,0x0000700010098000],  sp=0x0000700010097be8,  free space=1022k
Native frames: (J=compiled Java code, A=aot compiled Java code, j=interpreted, Vv=VM code, C=native code)
C  0x0000000000000003
V  [libjvm.dylib+0x2d23cf]  _ZN20G1ParScanThreadState22copy_to_survivor_spaceE16G1HeapRegionAttrP7oopDesc8markWord+0x105
V  [libjvm.dylib+0x2d2d36]  _ZN20G1ParScanThreadState11do_oop_evacIjEEvPT_+0x92
V  [libjvm.dylib+0x2d2140]  _ZN20G1ParScanThreadState23trim_queue_to_thresholdEj+0x1a4
V  [libjvm.dylib+0x2d1f74]  _ZN20G1ParScanThreadState10trim_queueEv+0x1a
V  [libjvm.dylib+0x2a4a88]  _ZN29G1ParEvacuateFollowersClosure7do_voidEv+0xfe
V  [libjvm.dylib+0x2a7e8a]  _ZN25G1EvacuateRegionsBaseTask21evacuate_live_objectsEP20G1ParScanThreadStatejN14G1GCPhaseTimes11GCParPhasesES3_+0x7e
V  [libjvm.dylib+0x2a7cd3]  _ZN25G1EvacuateRegionsBaseTask4workEj+0x97
V  [libjvm.dylib+0x7697ad]  _ZN10GangWorker4loopEv+0x43
V  [libjvm.dylib+0x6eaddf]  _ZN6Thread8call_runEv+0x71
V  [libjvm.dylib+0x5e97b0]  _ZL19thread_native_entryP6Thread+0x129
C  [libsystem_pthread.dylib+0x6950]  _pthread_start+0xe0
C  [libsystem_pthread.dylib+0x247b]  thread_start+0xf


siginfo: si_signo: 11 (SIGSEGV), si_code: 1 (SEGV_MAPERR), si_addr: 0x0000000000000003

Register to memory mapping:

RAX=0x0000000000000008 is an unknown value
RBX=0x00007fc17ac22d70 points into unknown readable memory: 00 00 60 1e 06 00 00 00
RCX=0x0000000107cd01c0: _ZN30OopOopIterateBackwardsDispatchI25G1ScanEvacuatedObjClosureE6_tableE+0 in /Users/markmcdermott/Library/Java/JavaVirtualMachines/openjdk-14.0.1/Contents/Home/lib/server/libjvm.dylib at 0x00000001073d1000
RDX=0x00000008003093b8 is pointing into metadata
RSP=0x0000700010097be8 points into unknown readable memory: c3 38 6a 07 01 00 00 00
RBP=0x0000700010097c10 points into unknown readable memory: 90 7c 09 10 00 70 00 00
RSI=0x000000061e6a4aa8 points into unknown readable memory: ab 4a 6a 1e 06 00 00 00
RDI=0x00007fc17c9913d0 points into unknown readable memory: 60 f2 ca 07 01 00 00 00
R8 =0x0000000000007e64 is an unknown value
R9 =0x0 is NULL
R10=0x0000000000002600 is an unknown value
R11=0x0000000000003fff is an unknown value
R12=0x000000061e6a4aa8 points into unknown readable memory: ab 4a 6a 1e 06 00 00 00
R13=0x0000000000000001 is an unknown value
R14=0x00007fc17c9913d0 points into unknown readable memory: 60 f2 ca 07 01 00 00 00
R15=0x000000000000000d is an unknown value


Registers:
RAX=0x0000000000000008, RBX=0x00007fc17ac22d70, RCX=0x0000000107cd01c0, RDX=0x00000008003093b8
RSP=0x0000700010097be8, RBP=0x0000700010097c10, RSI=0x000000061e6a4aa8, RDI=0x00007fc17c9913d0
R8 =0x0000000000007e64, R9 =0x0000000000000000, R10=0x0000000000002600, R11=0x0000000000003fff
R12=0x000000061e6a4aa8, R13=0x0000000000000001, R14=0x00007fc17c9913d0, R15=0x000000000000000d
RIP=0x0000000000000003, EFLAGS=0x0000000000010206, ERR=0x0000000000000014
  TRAPNO=0x000000000000000e

Top of Stack: (sp=0x0000700010097be8)
0x0000700010097be8:   00000001076a38c3 00007fc17c991230
0x0000700010097bf8:   0000000000000000 000000000013622b
0x0000700010097c08:   0000000000000000 0000700010097c90
0x0000700010097c18:   00000001076a33cf 0000000800375e70
0x0000700010097c28:   00007fc17ac22d70 0000000000000000
0x0000700010097c38:   000000017c9913d0 00007fc17c991230
0x0000700010097c48:   000000061e6a4aa8 000000000000000d
0x0000700010097c58:   000000000013622b 01000006000346f0
0x0000700010097c68:   0000000000000003 0000000107ccee08
0x0000700010097c78:   00007fc17c90ee10 00007fc17c991230
0x0000700010097c88:   000000060003bec8 0000700010097cc0
0x0000700010097c98:   00000001076a3d36 00007fc17c991230
0x0000700010097ca8:   000000000001ffff 0000000000000000
0x0000700010097cb8:   00007fc17c991230 0000700010097d10
0x0000700010097cc8:   00000001076a3140 0100700010097d00
0x0000700010097cd8:   000000060003bec9 0000000107ccee08
0x0000700010097ce8:   00007fc17c90ee10 00007fc17c991230
0x0000700010097cf8:   0000000000000001 000000000001ffff
0x0000700010097d08:   0000700010097d68 0000700010097d30
0x0000700010097d18:   00000001076a2f74 00007fc17c991230
0x0000700010097d28:   0000700010097de0 0000700010097dd0
0x0000700010097d38:   0000000107675a88 0000000000000000
0x0000700010097d48:   0000000000000000 0000000000000000
0x0000700010097d58:   0000700010097db0 0000700010097da0
0x0000700010097d68:   00000006000022a5 0000000000000000
0x0000700010097d78:   0000000000000000 0000700010097d00
0x0000700010097d88:   0000000107acb115 0000700010097da0
0x0000700010097d98:   00000001079bac69 0000700010097db0
0x0000700010097da8:   0000700010097de0 0000000000000015
0x0000700010097db8:   00007fc17c991230 00007fc17c90b040
0x0000700010097dc8:   00000000477c500a 0000700010097e60
0x0000700010097dd8:   0000000107678e8a 0000000107cad3c0 

Instructions: (pc=0x0000000000000003)
0xffffffffffffff03:   


Stack slot to memory mapping:
stack at sp + 0 slots: 0x00000001076a38c3: _ZN20G1ParScanThreadState29handle_evacuation_failure_parEP7oopDesc8markWord+0x111 in /Users/markmcdermott/Library/Java/JavaVirtualMachines/openjdk-14.0.1/Contents/Home/lib/server/libjvm.dylib at 0x00000001073d1000
stack at sp + 1 slots: 0x00007fc17c991230 points into unknown readable memory: 40 f2 ca 07 01 00 00 00
stack at sp + 2 slots: 0x0 is NULL
stack at sp + 3 slots: 0x000000000013622b is an unknown value
stack at sp + 4 slots: 0x0 is NULL
stack at sp + 5 slots: 0x0000700010097c90 points into unknown readable memory: c0 7c 09 10 00 70 00 00
stack at sp + 6 slots: 0x00000001076a33cf: _ZN20G1ParScanThreadState22copy_to_survivor_spaceE16G1HeapRegionAttrP7oopDesc8markWord+0x105 in /Users/markmcdermott/Library/Java/JavaVirtualMachines/openjdk-14.0.1/Contents/Home/lib/server/libjvm.dylib at 0x00000001073d1000
stack at sp + 7 slots: 0x0000000800375e70 is pointing into metadata


---------------  P R O C E S S  ---------------

Threads class SMR info:
_java_thread_list=0x00007fc17af66fa0, length=18, elements={
0x00007fc17e04d800, 0x00007fc17c019000, 0x00007fc13b034000, 0x00007fc13b034800,
0x00007fc13b035800, 0x00007fc17c018000, 0x00007fc17b8a0800, 0x00007fc13b091000,
0x00007fc13b0c3800, 0x00007fc13b0c4800, 0x00007fc17d80a800, 0x00007fc17b085000,
0x00007fc13b128000, 0x00007fc17e1be800, 0x00007fc13b125800, 0x00007fc17b933800,
0x00007fc17d127000, 0x00007fc13b14a000
}

Java Threads: ( => current thread )
  0x00007fc17e04d800 JavaThread "Reference Handler" daemon [_thread_blocked, id=14339, stack(0x000070000ead3000,0x000070000ebd3000)]
  0x00007fc17c019000 JavaThread "Finalizer" daemon [_thread_blocked, id=17667, stack(0x000070000ebd6000,0x000070000ecd6000)]
  0x00007fc13b034000 JavaThread "Signal Dispatcher" daemon [_thread_blocked, id=43267, stack(0x000070000eddf000,0x000070000eedf000)]
  0x00007fc13b034800 JavaThread "Service Thread" daemon [_thread_blocked, id=43011, stack(0x000070000eee2000,0x000070000efe2000)]
  0x00007fc13b035800 JavaThread "C2 CompilerThread0" daemon [_thread_blocked, id=23043, stack(0x000070000efe5000,0x000070000f0e5000)]
  0x00007fc17c018000 JavaThread "C1 CompilerThread0" daemon [_thread_blocked, id=42499, stack(0x000070000f0e8000,0x000070000f1e8000)]
  0x00007fc17b8a0800 JavaThread "Sweeper thread" daemon [_thread_blocked, id=41731, stack(0x000070000f1eb000,0x000070000f2eb000)]
  0x00007fc13b091000 JavaThread "Common-Cleaner" daemon [_thread_blocked, id=24067, stack(0x000070000f2ee000,0x000070000f3ee000)]
  0x00007fc13b0c3800 JavaThread "Monitor Ctrl-Break" daemon [_thread_in_native, id=40195, stack(0x000070000f4f4000,0x000070000f5f4000)]
  0x00007fc13b0c4800 JavaThread "Notification Thread" daemon [_thread_blocked, id=39939, stack(0x000070000f5f7000,0x000070000f6f7000)]
  0x00007fc17d80a800 JavaThread "AppKit Thread" daemon [_thread_in_native, id=775, stack(0x00007ffee8074000,0x00007ffee8874000)]
  0x00007fc17b085000 JavaThread "AWT-Shutdown" [_thread_blocked, id=32523, stack(0x000070000f7fd000,0x000070000f8fd000)]
  0x00007fc13b128000 JavaThread "AWT-EventQueue-0" [_thread_blocked, id=54787, stack(0x000070000f3f1000,0x000070000f4f1000)]
  0x00007fc17e1be800 JavaThread "DestroyJavaVM" [_thread_blocked, id=10243, stack(0x000070000e3be000,0x000070000e4be000)]
  0x00007fc13b125800 JavaThread "Java2D Queue Flusher" daemon [_thread_blocked, id=56075, stack(0x000070000fa89000,0x000070000fb89000)]
  0x00007fc17b933800 JavaThread "Java2D Disposer" daemon [_thread_blocked, id=74243, stack(0x000070000fb8c000,0x000070000fc8c000)]
  0x00007fc17d127000 JavaThread "C2 CompilerThread1" daemon [_thread_blocked, id=74019, stack(0x000070000fc8f000,0x000070000fd8f000)]
  0x00007fc13b14a000 JavaThread "Attach Listener" daemon [_thread_blocked, id=68867, stack(0x00007000106ad000,0x00007000107ad000)]

Other Threads:
  0x00007fc17d029000 VMThread "VM Thread" [stack: 0x000070000e9d0000,0x000070000ead0000] [id=18179]
  0x00007fc13b0c5800 WatcherThread [stack: 0x000070000f6fa000,0x000070000f7fa000] [id=39427]
  0x00007fc15b024800 GCTaskThread "GC Thread#0" [stack: 0x000070000e4c1000,0x000070000e5c1000] [id=19971]
  0x00007fc17e1ab800 GCTaskThread "GC Thread#1" [stack: 0x000070000fd92000,0x000070000fe92000] [id=73775]
  0x00007fc17d80d800 GCTaskThread "GC Thread#2" [stack: 0x000070000fe95000,0x000070000ff95000] [id=65815]
=>0x00007fc17d81d800 GCTaskThread "GC Thread#3" [stack: 0x000070000ff98000,0x0000700010098000] [id=70675]
  0x00007fc17d81e800 GCTaskThread "GC Thread#4" [stack: 0x000070001009b000,0x000070001019b000] [id=70403]
  0x00007fc17d82f800 GCTaskThread "GC Thread#5" [stack: 0x000070001019e000,0x000070001029e000] [id=69891]
  0x00007fc13b809800 GCTaskThread "GC Thread#6" [stack: 0x00007000102a1000,0x00007000103a1000] [id=66051]
  0x00007fc17e1ac000 GCTaskThread "GC Thread#7" [stack: 0x00007000103a4000,0x00007000104a4000] [id=66563]
  0x00007fc17e1af800 GCTaskThread "GC Thread#8" [stack: 0x00007000104a7000,0x00007000105a7000] [id=67075]
  0x00007fc17d830800 GCTaskThread "GC Thread#9" [stack: 0x00007000105aa000,0x00007000106aa000] [id=69379]
  0x00007fc17b808800 ConcurrentGCThread "G1 Main Marker" [stack: 0x000070000e5c4000,0x000070000e6c4000] [id=19715]
  0x00007fc15b025800 ConcurrentGCThread "G1 Conc#0" [stack: 0x000070000e6c7000,0x000070000e7c7000] [id=13059]
  0x00007fc17b05a800 ConcurrentGCThread "G1 Refine#0" [stack: 0x000070000e7ca000,0x000070000e8ca000] [id=13315]
  0x00007fc17b05b800 ConcurrentGCThread "G1 Young RemSet Sampling" [stack: 0x000070000e8cd000,0x000070000e9cd000] [id=18435]

Threads with active compile tasks:
C2 CompilerThread0     1210 1027       4       controller.types.graph.Vertex::copyOrigParentsAndOrigChildren (129 bytes)
C2 CompilerThread1     1210  799       4       controller.analyzer.Translate::getHighestVertexNum (142 bytes)

VM state:at safepoint (normal execution)

VM Mutex/Monitor currently owned by a thread:  ([mutex/lock_event])
[0x00007fc17af0a470] Threads_lock - owner thread: 0x00007fc17d029000
[0x00007fc17af0b130] Heap_lock - owner thread: 0x00007fc13b128000

Heap address: 0x0000000600000000, size: 8192 MB, Compressed Oops mode: Zero based, Oop shift amount: 3
Narrow klass base: 0x0000000800000000, Narrow klass shift: 3
Compressed class space size: 1073741824 Address: 0x0000000800b03000

Heap:
 garbage-first heap   total 528384K, used 35809K [0x0000000600000000, 0x0000000800000000)
  region size 2048K, 16 young (32768K), 1 survivors (2048K)
 Metaspace       used 9010K, capacity 9272K, committed 9472K, reserved 1056768K
  class space    used 1033K, capacity 1144K, committed 1280K, reserved 1048576K
Heap Regions: E=young(eden), S=young(survivor), O=old, HS=humongous(starts), HC=humongous(continues), CS=collection set, F=free, OA=open archive, CA=closed archive, TAMS=top-at-mark-start (previous, next)
|   0|0x0000000600000000, 0x0000000600200000, 0x0000000600200000|100%| O|  |TAMS 0x0000000600000000, 0x0000000600000000| Untracked 
|   1|0x0000000600200000, 0x0000000600400000, 0x0000000600400000|100%| O|  |TAMS 0x0000000600200000, 0x0000000600200000| Untracked 
|   2|0x0000000600400000, 0x0000000600400000, 0x0000000600600000|  0%| F|  |TAMS 0x0000000600400000, 0x0000000600400000| Untracked 
|   3|0x0000000600600000, 0x0000000600600000, 0x0000000600800000|  0%| F|  |TAMS 0x0000000600600000, 0x0000000600600000| Untracked 
|   4|0x0000000600800000, 0x0000000600800000, 0x0000000600a00000|  0%| F|  |TAMS 0x0000000600800000, 0x0000000600800000| Untracked 
|   5|0x0000000600a00000, 0x0000000600a00000, 0x0000000600c00000|  0%| F|  |TAMS 0x0000000600a00000, 0x0000000600a00000| Untracked 
|   6|0x0000000600c00000, 0x0000000600c00000, 0x0000000600e00000|  0%| F|  |TAMS 0x0000000600c00000, 0x0000000600c00000| Untracked 
|   7|0x0000000600e00000, 0x0000000600e00000, 0x0000000601000000|  0%| F|  |TAMS 0x0000000600e00000, 0x0000000600e00000| Untracked 
|   8|0x0000000601000000, 0x0000000601000000, 0x0000000601200000|  0%| F|  |TAMS 0x0000000601000000, 0x0000000601000000| Untracked 
|   9|0x0000000601200000, 0x0000000601200000, 0x0000000601400000|  0%| F|  |TAMS 0x0000000601200000, 0x0000000601200000| Untracked 
|  10|0x0000000601400000, 0x0000000601400000, 0x0000000601600000|  0%| F|  |TAMS 0x0000000601400000, 0x0000000601400000| Untracked 
|  11|0x0000000601600000, 0x0000000601600000, 0x0000000601800000|  0%| F|  |TAMS 0x0000000601600000, 0x0000000601600000| Untracked 
|  12|0x0000000601800000, 0x0000000601800000, 0x0000000601a00000|  0%| F|  |TAMS 0x0000000601800000, 0x0000000601800000| Untracked 
|  13|0x0000000601a00000, 0x0000000601a00000, 0x0000000601c00000|  0%| F|  |TAMS 0x0000000601a00000, 0x0000000601a00000| Untracked 
|  14|0x0000000601c00000, 0x0000000601c00000, 0x0000000601e00000|  0%| F|  |TAMS 0x0000000601c00000, 0x0000000601c00000| Untracked 
|  15|0x0000000601e00000, 0x0000000601e00000, 0x0000000602000000|  0%| F|  |TAMS 0x0000000601e00000, 0x0000000601e00000| Untracked 
|  16|0x0000000602000000, 0x0000000602000000, 0x0000000602200000|  0%| F|  |TAMS 0x0000000602000000, 0x0000000602000000| Untracked 
|  17|0x0000000602200000, 0x0000000602200000, 0x0000000602400000|  0%| F|  |TAMS 0x0000000602200000, 0x0000000602200000| Untracked 
|  18|0x0000000602400000, 0x0000000602400000, 0x0000000602600000|  0%| F|  |TAMS 0x0000000602400000, 0x0000000602400000| Untracked 
|  19|0x0000000602600000, 0x0000000602600000, 0x0000000602800000|  0%| F|  |TAMS 0x0000000602600000, 0x0000000602600000| Untracked 
|  20|0x0000000602800000, 0x0000000602800000, 0x0000000602a00000|  0%| F|  |TAMS 0x0000000602800000, 0x0000000602800000| Untracked 
|  21|0x0000000602a00000, 0x0000000602a00000, 0x0000000602c00000|  0%| F|  |TAMS 0x0000000602a00000, 0x0000000602a00000| Untracked 
|  22|0x0000000602c00000, 0x0000000602c00000, 0x0000000602e00000|  0%| F|  |TAMS 0x0000000602c00000, 0x0000000602c00000| Untracked 
|  23|0x0000000602e00000, 0x0000000602e00000, 0x0000000603000000|  0%| F|  |TAMS 0x0000000602e00000, 0x0000000602e00000| Untracked 
|  24|0x0000000603000000, 0x0000000603000000, 0x0000000603200000|  0%| F|  |TAMS 0x0000000603000000, 0x0000000603000000| Untracked 
|  25|0x0000000603200000, 0x0000000603200000, 0x0000000603400000|  0%| F|  |TAMS 0x0000000603200000, 0x0000000603200000| Untracked 
|  26|0x0000000603400000, 0x0000000603400000, 0x0000000603600000|  0%| F|  |TAMS 0x0000000603400000, 0x0000000603400000| Untracked 
|  27|0x0000000603600000, 0x0000000603600000, 0x0000000603800000|  0%| F|  |TAMS 0x0000000603600000, 0x0000000603600000| Untracked 
|  28|0x0000000603800000, 0x0000000603800000, 0x0000000603a00000|  0%| F|  |TAMS 0x0000000603800000, 0x0000000603800000| Untracked 
|  29|0x0000000603a00000, 0x0000000603a00000, 0x0000000603c00000|  0%| F|  |TAMS 0x0000000603a00000, 0x0000000603a00000| Untracked 
|  30|0x0000000603c00000, 0x0000000603c00000, 0x0000000603e00000|  0%| F|  |TAMS 0x0000000603c00000, 0x0000000603c00000| Untracked 
|  31|0x0000000603e00000, 0x0000000603e00000, 0x0000000604000000|  0%| F|  |TAMS 0x0000000603e00000, 0x0000000603e00000| Untracked 
|  32|0x0000000604000000, 0x0000000604000000, 0x0000000604200000|  0%| F|  |TAMS 0x0000000604000000, 0x0000000604000000| Untracked 
|  33|0x0000000604200000, 0x0000000604200000, 0x0000000604400000|  0%| F|  |TAMS 0x0000000604200000, 0x0000000604200000| Untracked 
|  34|0x0000000604400000, 0x0000000604400000, 0x0000000604600000|  0%| F|  |TAMS 0x0000000604400000, 0x0000000604400000| Untracked 
|  35|0x0000000604600000, 0x0000000604600000, 0x0000000604800000|  0%| F|  |TAMS 0x0000000604600000, 0x0000000604600000| Untracked 
|  36|0x0000000604800000, 0x0000000604800000, 0x0000000604a00000|  0%| F|  |TAMS 0x0000000604800000, 0x0000000604800000| Untracked 
|  37|0x0000000604a00000, 0x0000000604a00000, 0x0000000604c00000|  0%| F|  |TAMS 0x0000000604a00000, 0x0000000604a00000| Untracked 
|  38|0x0000000604c00000, 0x0000000604c00000, 0x0000000604e00000|  0%| F|  |TAMS 0x0000000604c00000, 0x0000000604c00000| Untracked 
|  39|0x0000000604e00000, 0x0000000604e00000, 0x0000000605000000|  0%| F|  |TAMS 0x0000000604e00000, 0x0000000604e00000| Untracked 
|  40|0x0000000605000000, 0x0000000605000000, 0x0000000605200000|  0%| F|  |TAMS 0x0000000605000000, 0x0000000605000000| Untracked 
|  41|0x0000000605200000, 0x0000000605200000, 0x0000000605400000|  0%| F|  |TAMS 0x0000000605200000, 0x0000000605200000| Untracked 
|  42|0x0000000605400000, 0x0000000605400000, 0x0000000605600000|  0%| F|  |TAMS 0x0000000605400000, 0x0000000605400000| Untracked 
|  43|0x0000000605600000, 0x0000000605600000, 0x0000000605800000|  0%| F|  |TAMS 0x0000000605600000, 0x0000000605600000| Untracked 
|  44|0x0000000605800000, 0x0000000605800000, 0x0000000605a00000|  0%| F|  |TAMS 0x0000000605800000, 0x0000000605800000| Untracked 
|  45|0x0000000605a00000, 0x0000000605a00000, 0x0000000605c00000|  0%| F|  |TAMS 0x0000000605a00000, 0x0000000605a00000| Untracked 
|  46|0x0000000605c00000, 0x0000000605c00000, 0x0000000605e00000|  0%| F|  |TAMS 0x0000000605c00000, 0x0000000605c00000| Untracked 
|  47|0x0000000605e00000, 0x0000000605e00000, 0x0000000606000000|  0%| F|  |TAMS 0x0000000605e00000, 0x0000000605e00000| Untracked 
|  48|0x0000000606000000, 0x0000000606000000, 0x0000000606200000|  0%| F|  |TAMS 0x0000000606000000, 0x0000000606000000| Untracked 
|  49|0x0000000606200000, 0x0000000606200000, 0x0000000606400000|  0%| F|  |TAMS 0x0000000606200000, 0x0000000606200000| Untracked 
|  50|0x0000000606400000, 0x0000000606400000, 0x0000000606600000|  0%| F|  |TAMS 0x0000000606400000, 0x0000000606400000| Untracked 
|  51|0x0000000606600000, 0x0000000606600000, 0x0000000606800000|  0%| F|  |TAMS 0x0000000606600000, 0x0000000606600000| Untracked 
|  52|0x0000000606800000, 0x0000000606800000, 0x0000000606a00000|  0%| F|  |TAMS 0x0000000606800000, 0x0000000606800000| Untracked 
|  53|0x0000000606a00000, 0x0000000606a00000, 0x0000000606c00000|  0%| F|  |TAMS 0x0000000606a00000, 0x0000000606a00000| Untracked 
|  54|0x0000000606c00000, 0x0000000606c00000, 0x0000000606e00000|  0%| F|  |TAMS 0x0000000606c00000, 0x0000000606c00000| Untracked 
|  55|0x0000000606e00000, 0x0000000606e00000, 0x0000000607000000|  0%| F|  |TAMS 0x0000000606e00000, 0x0000000606e00000| Untracked 
|  56|0x0000000607000000, 0x0000000607000000, 0x0000000607200000|  0%| F|  |TAMS 0x0000000607000000, 0x0000000607000000| Untracked 
|  57|0x0000000607200000, 0x0000000607200000, 0x0000000607400000|  0%| F|  |TAMS 0x0000000607200000, 0x0000000607200000| Untracked 
|  58|0x0000000607400000, 0x0000000607400000, 0x0000000607600000|  0%| F|  |TAMS 0x0000000607400000, 0x0000000607400000| Untracked 
|  59|0x0000000607600000, 0x0000000607600000, 0x0000000607800000|  0%| F|  |TAMS 0x0000000607600000, 0x0000000607600000| Untracked 
|  60|0x0000000607800000, 0x0000000607800000, 0x0000000607a00000|  0%| F|  |TAMS 0x0000000607800000, 0x0000000607800000| Untracked 
|  61|0x0000000607a00000, 0x0000000607a00000, 0x0000000607c00000|  0%| F|  |TAMS 0x0000000607a00000, 0x0000000607a00000| Untracked 
|  62|0x0000000607c00000, 0x0000000607c00000, 0x0000000607e00000|  0%| F|  |TAMS 0x0000000607c00000, 0x0000000607c00000| Untracked 
|  63|0x0000000607e00000, 0x0000000607e00000, 0x0000000608000000|  0%| F|  |TAMS 0x0000000607e00000, 0x0000000607e00000| Untracked 
|  64|0x0000000608000000, 0x0000000608000000, 0x0000000608200000|  0%| F|  |TAMS 0x0000000608000000, 0x0000000608000000| Untracked 
|  65|0x0000000608200000, 0x0000000608200000, 0x0000000608400000|  0%| F|  |TAMS 0x0000000608200000, 0x0000000608200000| Untracked 
|  66|0x0000000608400000, 0x0000000608400000, 0x0000000608600000|  0%| F|  |TAMS 0x0000000608400000, 0x0000000608400000| Untracked 
|  67|0x0000000608600000, 0x0000000608600000, 0x0000000608800000|  0%| F|  |TAMS 0x0000000608600000, 0x0000000608600000| Untracked 
|  68|0x0000000608800000, 0x0000000608800000, 0x0000000608a00000|  0%| F|  |TAMS 0x0000000608800000, 0x0000000608800000| Untracked 
|  69|0x0000000608a00000, 0x0000000608a00000, 0x0000000608c00000|  0%| F|  |TAMS 0x0000000608a00000, 0x0000000608a00000| Untracked 
|  70|0x0000000608c00000, 0x0000000608c00000, 0x0000000608e00000|  0%| F|  |TAMS 0x0000000608c00000, 0x0000000608c00000| Untracked 
|  71|0x0000000608e00000, 0x0000000608e00000, 0x0000000609000000|  0%| F|  |TAMS 0x0000000608e00000, 0x0000000608e00000| Untracked 
|  72|0x0000000609000000, 0x0000000609000000, 0x0000000609200000|  0%| F|  |TAMS 0x0000000609000000, 0x0000000609000000| Untracked 
|  73|0x0000000609200000, 0x0000000609200000, 0x0000000609400000|  0%| F|  |TAMS 0x0000000609200000, 0x0000000609200000| Untracked 
|  74|0x0000000609400000, 0x0000000609400000, 0x0000000609600000|  0%| F|  |TAMS 0x0000000609400000, 0x0000000609400000| Untracked 
|  75|0x0000000609600000, 0x0000000609600000, 0x0000000609800000|  0%| F|  |TAMS 0x0000000609600000, 0x0000000609600000| Untracked 
|  76|0x0000000609800000, 0x0000000609800000, 0x0000000609a00000|  0%| F|  |TAMS 0x0000000609800000, 0x0000000609800000| Untracked 
|  77|0x0000000609a00000, 0x0000000609a00000, 0x0000000609c00000|  0%| F|  |TAMS 0x0000000609a00000, 0x0000000609a00000| Untracked 
|  78|0x0000000609c00000, 0x0000000609c00000, 0x0000000609e00000|  0%| F|  |TAMS 0x0000000609c00000, 0x0000000609c00000| Untracked 
|  79|0x0000000609e00000, 0x0000000609e00000, 0x000000060a000000|  0%| F|  |TAMS 0x0000000609e00000, 0x0000000609e00000| Untracked 
|  80|0x000000060a000000, 0x000000060a000000, 0x000000060a200000|  0%| F|  |TAMS 0x000000060a000000, 0x000000060a000000| Untracked 
|  81|0x000000060a200000, 0x000000060a200000, 0x000000060a400000|  0%| F|  |TAMS 0x000000060a200000, 0x000000060a200000| Untracked 
|  82|0x000000060a400000, 0x000000060a400000, 0x000000060a600000|  0%| F|  |TAMS 0x000000060a400000, 0x000000060a400000| Untracked 
|  83|0x000000060a600000, 0x000000060a600000, 0x000000060a800000|  0%| F|  |TAMS 0x000000060a600000, 0x000000060a600000| Untracked 
|  84|0x000000060a800000, 0x000000060a800000, 0x000000060aa00000|  0%| F|  |TAMS 0x000000060a800000, 0x000000060a800000| Untracked 
|  85|0x000000060aa00000, 0x000000060aa00000, 0x000000060ac00000|  0%| F|  |TAMS 0x000000060aa00000, 0x000000060aa00000| Untracked 
|  86|0x000000060ac00000, 0x000000060ac00000, 0x000000060ae00000|  0%| F|  |TAMS 0x000000060ac00000, 0x000000060ac00000| Untracked 
|  87|0x000000060ae00000, 0x000000060ae00000, 0x000000060b000000|  0%| F|  |TAMS 0x000000060ae00000, 0x000000060ae00000| Untracked 
|  88|0x000000060b000000, 0x000000060b000000, 0x000000060b200000|  0%| F|  |TAMS 0x000000060b000000, 0x000000060b000000| Untracked 
|  89|0x000000060b200000, 0x000000060b200000, 0x000000060b400000|  0%| F|  |TAMS 0x000000060b200000, 0x000000060b200000| Untracked 
|  90|0x000000060b400000, 0x000000060b400000, 0x000000060b600000|  0%| F|  |TAMS 0x000000060b400000, 0x000000060b400000| Untracked 
|  91|0x000000060b600000, 0x000000060b600000, 0x000000060b800000|  0%| F|  |TAMS 0x000000060b600000, 0x000000060b600000| Untracked 
|  92|0x000000060b800000, 0x000000060b800000, 0x000000060ba00000|  0%| F|  |TAMS 0x000000060b800000, 0x000000060b800000| Untracked 
|  93|0x000000060ba00000, 0x000000060ba00000, 0x000000060bc00000|  0%| F|  |TAMS 0x000000060ba00000, 0x000000060ba00000| Untracked 
|  94|0x000000060bc00000, 0x000000060bc00000, 0x000000060be00000|  0%| F|  |TAMS 0x000000060bc00000, 0x000000060bc00000| Untracked 
|  95|0x000000060be00000, 0x000000060be00000, 0x000000060c000000|  0%| F|  |TAMS 0x000000060be00000, 0x000000060be00000| Untracked 
|  96|0x000000060c000000, 0x000000060c000000, 0x000000060c200000|  0%| F|  |TAMS 0x000000060c000000, 0x000000060c000000| Untracked 
|  97|0x000000060c200000, 0x000000060c200000, 0x000000060c400000|  0%| F|  |TAMS 0x000000060c200000, 0x000000060c200000| Untracked 
|  98|0x000000060c400000, 0x000000060c400000, 0x000000060c600000|  0%| F|  |TAMS 0x000000060c400000, 0x000000060c400000| Untracked 
|  99|0x000000060c600000, 0x000000060c600000, 0x000000060c800000|  0%| F|  |TAMS 0x000000060c600000, 0x000000060c600000| Untracked 
| 100|0x000000060c800000, 0x000000060c800000, 0x000000060ca00000|  0%| F|  |TAMS 0x000000060c800000, 0x000000060c800000| Untracked 
| 101|0x000000060ca00000, 0x000000060ca00000, 0x000000060cc00000|  0%| F|  |TAMS 0x000000060ca00000, 0x000000060ca00000| Untracked 
| 102|0x000000060cc00000, 0x000000060cc00000, 0x000000060ce00000|  0%| F|  |TAMS 0x000000060cc00000, 0x000000060cc00000| Untracked 
| 103|0x000000060ce00000, 0x000000060ce00000, 0x000000060d000000|  0%| F|  |TAMS 0x000000060ce00000, 0x000000060ce00000| Untracked 
| 104|0x000000060d000000, 0x000000060d000000, 0x000000060d200000|  0%| F|  |TAMS 0x000000060d000000, 0x000000060d000000| Untracked 
| 105|0x000000060d200000, 0x000000060d200000, 0x000000060d400000|  0%| F|  |TAMS 0x000000060d200000, 0x000000060d200000| Untracked 
| 106|0x000000060d400000, 0x000000060d400000, 0x000000060d600000|  0%| F|  |TAMS 0x000000060d400000, 0x000000060d400000| Untracked 
| 107|0x000000060d600000, 0x000000060d600000, 0x000000060d800000|  0%| F|  |TAMS 0x000000060d600000, 0x000000060d600000| Untracked 
| 108|0x000000060d800000, 0x000000060d800000, 0x000000060da00000|  0%| F|  |TAMS 0x000000060d800000, 0x000000060d800000| Untracked 
| 109|0x000000060da00000, 0x000000060da00000, 0x000000060dc00000|  0%| F|  |TAMS 0x000000060da00000, 0x000000060da00000| Untracked 
| 110|0x000000060dc00000, 0x000000060dc00000, 0x000000060de00000|  0%| F|  |TAMS 0x000000060dc00000, 0x000000060dc00000| Untracked 
| 111|0x000000060de00000, 0x000000060de00000, 0x000000060e000000|  0%| F|  |TAMS 0x000000060de00000, 0x000000060de00000| Untracked 
| 112|0x000000060e000000, 0x000000060e000000, 0x000000060e200000|  0%| F|  |TAMS 0x000000060e000000, 0x000000060e000000| Untracked 
| 113|0x000000060e200000, 0x000000060e200000, 0x000000060e400000|  0%| F|  |TAMS 0x000000060e200000, 0x000000060e200000| Untracked 
| 114|0x000000060e400000, 0x000000060e400000, 0x000000060e600000|  0%| F|  |TAMS 0x000000060e400000, 0x000000060e400000| Untracked 
| 115|0x000000060e600000, 0x000000060e600000, 0x000000060e800000|  0%| F|  |TAMS 0x000000060e600000, 0x000000060e600000| Untracked 
| 116|0x000000060e800000, 0x000000060e800000, 0x000000060ea00000|  0%| F|  |TAMS 0x000000060e800000, 0x000000060e800000| Untracked 
| 117|0x000000060ea00000, 0x000000060ea00000, 0x000000060ec00000|  0%| F|  |TAMS 0x000000060ea00000, 0x000000060ea00000| Untracked 
| 118|0x000000060ec00000, 0x000000060ec00000, 0x000000060ee00000|  0%| F|  |TAMS 0x000000060ec00000, 0x000000060ec00000| Untracked 
| 119|0x000000060ee00000, 0x000000060ee00000, 0x000000060f000000|  0%| F|  |TAMS 0x000000060ee00000, 0x000000060ee00000| Untracked 
| 120|0x000000060f000000, 0x000000060f000000, 0x000000060f200000|  0%| F|  |TAMS 0x000000060f000000, 0x000000060f000000| Untracked 
| 121|0x000000060f200000, 0x000000060f200000, 0x000000060f400000|  0%| F|  |TAMS 0x000000060f200000, 0x000000060f200000| Untracked 
| 122|0x000000060f400000, 0x000000060f400000, 0x000000060f600000|  0%| F|  |TAMS 0x000000060f400000, 0x000000060f400000| Untracked 
| 123|0x000000060f600000, 0x000000060f600000, 0x000000060f800000|  0%| F|  |TAMS 0x000000060f600000, 0x000000060f600000| Untracked 
| 124|0x000000060f800000, 0x000000060f800000, 0x000000060fa00000|  0%| F|  |TAMS 0x000000060f800000, 0x000000060f800000| Untracked 
| 125|0x000000060fa00000, 0x000000060fa00000, 0x000000060fc00000|  0%| F|  |TAMS 0x000000060fa00000, 0x000000060fa00000| Untracked 
| 126|0x000000060fc00000, 0x000000060fc00000, 0x000000060fe00000|  0%| F|  |TAMS 0x000000060fc00000, 0x000000060fc00000| Untracked 
| 127|0x000000060fe00000, 0x000000060fe00000, 0x0000000610000000|  0%| F|  |TAMS 0x000000060fe00000, 0x000000060fe00000| Untracked 
| 128|0x0000000610000000, 0x0000000610000000, 0x0000000610200000|  0%| F|  |TAMS 0x0000000610000000, 0x0000000610000000| Untracked 
| 129|0x0000000610200000, 0x0000000610200000, 0x0000000610400000|  0%| F|  |TAMS 0x0000000610200000, 0x0000000610200000| Untracked 
| 130|0x0000000610400000, 0x0000000610400000, 0x0000000610600000|  0%| F|  |TAMS 0x0000000610400000, 0x0000000610400000| Untracked 
| 131|0x0000000610600000, 0x0000000610600000, 0x0000000610800000|  0%| F|  |TAMS 0x0000000610600000, 0x0000000610600000| Untracked 
| 132|0x0000000610800000, 0x0000000610800000, 0x0000000610a00000|  0%| F|  |TAMS 0x0000000610800000, 0x0000000610800000| Untracked 
| 133|0x0000000610a00000, 0x0000000610a00000, 0x0000000610c00000|  0%| F|  |TAMS 0x0000000610a00000, 0x0000000610a00000| Untracked 
| 134|0x0000000610c00000, 0x0000000610c00000, 0x0000000610e00000|  0%| F|  |TAMS 0x0000000610c00000, 0x0000000610c00000| Untracked 
| 135|0x0000000610e00000, 0x0000000610e00000, 0x0000000611000000|  0%| F|  |TAMS 0x0000000610e00000, 0x0000000610e00000| Untracked 
| 136|0x0000000611000000, 0x0000000611000000, 0x0000000611200000|  0%| F|  |TAMS 0x0000000611000000, 0x0000000611000000| Untracked 
| 137|0x0000000611200000, 0x0000000611200000, 0x0000000611400000|  0%| F|  |TAMS 0x0000000611200000, 0x0000000611200000| Untracked 
| 138|0x0000000611400000, 0x0000000611400000, 0x0000000611600000|  0%| F|  |TAMS 0x0000000611400000, 0x0000000611400000| Untracked 
| 139|0x0000000611600000, 0x0000000611600000, 0x0000000611800000|  0%| F|  |TAMS 0x0000000611600000, 0x0000000611600000| Untracked 
| 140|0x0000000611800000, 0x0000000611800000, 0x0000000611a00000|  0%| F|  |TAMS 0x0000000611800000, 0x0000000611800000| Untracked 
| 141|0x0000000611a00000, 0x0000000611a00000, 0x0000000611c00000|  0%| F|  |TAMS 0x0000000611a00000, 0x0000000611a00000| Untracked 
| 142|0x0000000611c00000, 0x0000000611c00000, 0x0000000611e00000|  0%| F|  |TAMS 0x0000000611c00000, 0x0000000611c00000| Untracked 
| 143|0x0000000611e00000, 0x0000000611e00000, 0x0000000612000000|  0%| F|  |TAMS 0x0000000611e00000, 0x0000000611e00000| Untracked 
| 144|0x0000000612000000, 0x0000000612000000, 0x0000000612200000|  0%| F|  |TAMS 0x0000000612000000, 0x0000000612000000| Untracked 
| 145|0x0000000612200000, 0x0000000612200000, 0x0000000612400000|  0%| F|  |TAMS 0x0000000612200000, 0x0000000612200000| Untracked 
| 146|0x0000000612400000, 0x0000000612400000, 0x0000000612600000|  0%| F|  |TAMS 0x0000000612400000, 0x0000000612400000| Untracked 
| 147|0x0000000612600000, 0x0000000612600000, 0x0000000612800000|  0%| F|  |TAMS 0x0000000612600000, 0x0000000612600000| Untracked 
| 148|0x0000000612800000, 0x0000000612800000, 0x0000000612a00000|  0%| F|  |TAMS 0x0000000612800000, 0x0000000612800000| Untracked 
| 149|0x0000000612a00000, 0x0000000612a00000, 0x0000000612c00000|  0%| F|  |TAMS 0x0000000612a00000, 0x0000000612a00000| Untracked 
| 150|0x0000000612c00000, 0x0000000612c00000, 0x0000000612e00000|  0%| F|  |TAMS 0x0000000612c00000, 0x0000000612c00000| Untracked 
| 151|0x0000000612e00000, 0x0000000612e00000, 0x0000000613000000|  0%| F|  |TAMS 0x0000000612e00000, 0x0000000612e00000| Untracked 
| 152|0x0000000613000000, 0x0000000613000000, 0x0000000613200000|  0%| F|  |TAMS 0x0000000613000000, 0x0000000613000000| Untracked 
| 153|0x0000000613200000, 0x0000000613200000, 0x0000000613400000|  0%| F|  |TAMS 0x0000000613200000, 0x0000000613200000| Untracked 
| 154|0x0000000613400000, 0x0000000613400000, 0x0000000613600000|  0%| F|  |TAMS 0x0000000613400000, 0x0000000613400000| Untracked 
| 155|0x0000000613600000, 0x0000000613600000, 0x0000000613800000|  0%| F|  |TAMS 0x0000000613600000, 0x0000000613600000| Untracked 
| 156|0x0000000613800000, 0x0000000613800000, 0x0000000613a00000|  0%| F|  |TAMS 0x0000000613800000, 0x0000000613800000| Untracked 
| 157|0x0000000613a00000, 0x0000000613a00000, 0x0000000613c00000|  0%| F|  |TAMS 0x0000000613a00000, 0x0000000613a00000| Untracked 
| 158|0x0000000613c00000, 0x0000000613c00000, 0x0000000613e00000|  0%| F|  |TAMS 0x0000000613c00000, 0x0000000613c00000| Untracked 
| 159|0x0000000613e00000, 0x0000000613e00000, 0x0000000614000000|  0%| F|  |TAMS 0x0000000613e00000, 0x0000000613e00000| Untracked 
| 160|0x0000000614000000, 0x0000000614000000, 0x0000000614200000|  0%| F|  |TAMS 0x0000000614000000, 0x0000000614000000| Untracked 
| 161|0x0000000614200000, 0x0000000614200000, 0x0000000614400000|  0%| F|  |TAMS 0x0000000614200000, 0x0000000614200000| Untracked 
| 162|0x0000000614400000, 0x0000000614400000, 0x0000000614600000|  0%| F|  |TAMS 0x0000000614400000, 0x0000000614400000| Untracked 
| 163|0x0000000614600000, 0x0000000614600000, 0x0000000614800000|  0%| F|  |TAMS 0x0000000614600000, 0x0000000614600000| Untracked 
| 164|0x0000000614800000, 0x0000000614800000, 0x0000000614a00000|  0%| F|  |TAMS 0x0000000614800000, 0x0000000614800000| Untracked 
| 165|0x0000000614a00000, 0x0000000614a00000, 0x0000000614c00000|  0%| F|  |TAMS 0x0000000614a00000, 0x0000000614a00000| Untracked 
| 166|0x0000000614c00000, 0x0000000614c00000, 0x0000000614e00000|  0%| F|  |TAMS 0x0000000614c00000, 0x0000000614c00000| Untracked 
| 167|0x0000000614e00000, 0x0000000614e00000, 0x0000000615000000|  0%| F|  |TAMS 0x0000000614e00000, 0x0000000614e00000| Untracked 
| 168|0x0000000615000000, 0x0000000615000000, 0x0000000615200000|  0%| F|  |TAMS 0x0000000615000000, 0x0000000615000000| Untracked 
| 169|0x0000000615200000, 0x0000000615200000, 0x0000000615400000|  0%| F|  |TAMS 0x0000000615200000, 0x0000000615200000| Untracked 
| 170|0x0000000615400000, 0x0000000615400000, 0x0000000615600000|  0%| F|  |TAMS 0x0000000615400000, 0x0000000615400000| Untracked 
| 171|0x0000000615600000, 0x0000000615600000, 0x0000000615800000|  0%| F|  |TAMS 0x0000000615600000, 0x0000000615600000| Untracked 
| 172|0x0000000615800000, 0x0000000615800000, 0x0000000615a00000|  0%| F|  |TAMS 0x0000000615800000, 0x0000000615800000| Untracked 
| 173|0x0000000615a00000, 0x0000000615a00000, 0x0000000615c00000|  0%| F|  |TAMS 0x0000000615a00000, 0x0000000615a00000| Untracked 
| 174|0x0000000615c00000, 0x0000000615c00000, 0x0000000615e00000|  0%| F|  |TAMS 0x0000000615c00000, 0x0000000615c00000| Untracked 
| 175|0x0000000615e00000, 0x0000000615e00000, 0x0000000616000000|  0%| F|  |TAMS 0x0000000615e00000, 0x0000000615e00000| Untracked 
| 176|0x0000000616000000, 0x0000000616000000, 0x0000000616200000|  0%| F|  |TAMS 0x0000000616000000, 0x0000000616000000| Untracked 
| 177|0x0000000616200000, 0x0000000616200000, 0x0000000616400000|  0%| F|  |TAMS 0x0000000616200000, 0x0000000616200000| Untracked 
| 178|0x0000000616400000, 0x0000000616400000, 0x0000000616600000|  0%| F|  |TAMS 0x0000000616400000, 0x0000000616400000| Untracked 
| 179|0x0000000616600000, 0x0000000616600000, 0x0000000616800000|  0%| F|  |TAMS 0x0000000616600000, 0x0000000616600000| Untracked 
| 180|0x0000000616800000, 0x0000000616800000, 0x0000000616a00000|  0%| F|  |TAMS 0x0000000616800000, 0x0000000616800000| Untracked 
| 181|0x0000000616a00000, 0x0000000616a00000, 0x0000000616c00000|  0%| F|  |TAMS 0x0000000616a00000, 0x0000000616a00000| Untracked 
| 182|0x0000000616c00000, 0x0000000616c00000, 0x0000000616e00000|  0%| F|  |TAMS 0x0000000616c00000, 0x0000000616c00000| Untracked 
| 183|0x0000000616e00000, 0x0000000616e00000, 0x0000000617000000|  0%| F|  |TAMS 0x0000000616e00000, 0x0000000616e00000| Untracked 
| 184|0x0000000617000000, 0x0000000617000000, 0x0000000617200000|  0%| F|  |TAMS 0x0000000617000000, 0x0000000617000000| Untracked 
| 185|0x0000000617200000, 0x0000000617200000, 0x0000000617400000|  0%| F|  |TAMS 0x0000000617200000, 0x0000000617200000| Untracked 
| 186|0x0000000617400000, 0x0000000617400000, 0x0000000617600000|  0%| F|  |TAMS 0x0000000617400000, 0x0000000617400000| Untracked 
| 187|0x0000000617600000, 0x0000000617600000, 0x0000000617800000|  0%| F|  |TAMS 0x0000000617600000, 0x0000000617600000| Untracked 
| 188|0x0000000617800000, 0x0000000617800000, 0x0000000617a00000|  0%| F|  |TAMS 0x0000000617800000, 0x0000000617800000| Untracked 
| 189|0x0000000617a00000, 0x0000000617a00000, 0x0000000617c00000|  0%| F|  |TAMS 0x0000000617a00000, 0x0000000617a00000| Untracked 
| 190|0x0000000617c00000, 0x0000000617c00000, 0x0000000617e00000|  0%| F|  |TAMS 0x0000000617c00000, 0x0000000617c00000| Untracked 
| 191|0x0000000617e00000, 0x0000000617e00000, 0x0000000618000000|  0%| F|  |TAMS 0x0000000617e00000, 0x0000000617e00000| Untracked 
| 192|0x0000000618000000, 0x0000000618000000, 0x0000000618200000|  0%| F|  |TAMS 0x0000000618000000, 0x0000000618000000| Untracked 
| 193|0x0000000618200000, 0x0000000618200000, 0x0000000618400000|  0%| F|  |TAMS 0x0000000618200000, 0x0000000618200000| Untracked 
| 194|0x0000000618400000, 0x0000000618400000, 0x0000000618600000|  0%| F|  |TAMS 0x0000000618400000, 0x0000000618400000| Untracked 
| 195|0x0000000618600000, 0x0000000618600000, 0x0000000618800000|  0%| F|  |TAMS 0x0000000618600000, 0x0000000618600000| Untracked 
| 196|0x0000000618800000, 0x0000000618800000, 0x0000000618a00000|  0%| F|  |TAMS 0x0000000618800000, 0x0000000618800000| Untracked 
| 197|0x0000000618a00000, 0x0000000618a00000, 0x0000000618c00000|  0%| F|  |TAMS 0x0000000618a00000, 0x0000000618a00000| Untracked 
| 198|0x0000000618c00000, 0x0000000618c00000, 0x0000000618e00000|  0%| F|  |TAMS 0x0000000618c00000, 0x0000000618c00000| Untracked 
| 199|0x0000000618e00000, 0x0000000618e00000, 0x0000000619000000|  0%| F|  |TAMS 0x0000000618e00000, 0x0000000618e00000| Untracked 
| 200|0x0000000619000000, 0x0000000619000000, 0x0000000619200000|  0%| F|  |TAMS 0x0000000619000000, 0x0000000619000000| Untracked 
| 201|0x0000000619200000, 0x0000000619200000, 0x0000000619400000|  0%| F|  |TAMS 0x0000000619200000, 0x0000000619200000| Untracked 
| 202|0x0000000619400000, 0x0000000619400000, 0x0000000619600000|  0%| F|  |TAMS 0x0000000619400000, 0x0000000619400000| Untracked 
| 203|0x0000000619600000, 0x0000000619600000, 0x0000000619800000|  0%| F|  |TAMS 0x0000000619600000, 0x0000000619600000| Untracked 
| 204|0x0000000619800000, 0x0000000619800000, 0x0000000619a00000|  0%| F|  |TAMS 0x0000000619800000, 0x0000000619800000| Untracked 
| 205|0x0000000619a00000, 0x0000000619a00000, 0x0000000619c00000|  0%| F|  |TAMS 0x0000000619a00000, 0x0000000619a00000| Untracked 
| 206|0x0000000619c00000, 0x0000000619c00000, 0x0000000619e00000|  0%| F|  |TAMS 0x0000000619c00000, 0x0000000619c00000| Untracked 
| 207|0x0000000619e00000, 0x0000000619e00000, 0x000000061a000000|  0%| F|  |TAMS 0x0000000619e00000, 0x0000000619e00000| Untracked 
| 208|0x000000061a000000, 0x000000061a000000, 0x000000061a200000|  0%| F|  |TAMS 0x000000061a000000, 0x000000061a000000| Untracked 
| 209|0x000000061a200000, 0x000000061a200000, 0x000000061a400000|  0%| F|  |TAMS 0x000000061a200000, 0x000000061a200000| Untracked 
| 210|0x000000061a400000, 0x000000061a400000, 0x000000061a600000|  0%| F|  |TAMS 0x000000061a400000, 0x000000061a400000| Untracked 
| 211|0x000000061a600000, 0x000000061a600000, 0x000000061a800000|  0%| F|  |TAMS 0x000000061a600000, 0x000000061a600000| Untracked 
| 212|0x000000061a800000, 0x000000061a800000, 0x000000061aa00000|  0%| F|  |TAMS 0x000000061a800000, 0x000000061a800000| Untracked 
| 213|0x000000061aa00000, 0x000000061aa00000, 0x000000061ac00000|  0%| F|  |TAMS 0x000000061aa00000, 0x000000061aa00000| Untracked 
| 214|0x000000061ac00000, 0x000000061ac00000, 0x000000061ae00000|  0%| F|  |TAMS 0x000000061ac00000, 0x000000061ac00000| Untracked 
| 215|0x000000061ae00000, 0x000000061ae00000, 0x000000061b000000|  0%| F|  |TAMS 0x000000061ae00000, 0x000000061ae00000| Untracked 
| 216|0x000000061b000000, 0x000000061b000000, 0x000000061b200000|  0%| F|  |TAMS 0x000000061b000000, 0x000000061b000000| Untracked 
| 217|0x000000061b200000, 0x000000061b200000, 0x000000061b400000|  0%| F|  |TAMS 0x000000061b200000, 0x000000061b200000| Untracked 
| 218|0x000000061b400000, 0x000000061b400000, 0x000000061b600000|  0%| F|  |TAMS 0x000000061b400000, 0x000000061b400000| Untracked 
| 219|0x000000061b600000, 0x000000061b600000, 0x000000061b800000|  0%| F|  |TAMS 0x000000061b600000, 0x000000061b600000| Untracked 
| 220|0x000000061b800000, 0x000000061b800000, 0x000000061ba00000|  0%| F|  |TAMS 0x000000061b800000, 0x000000061b800000| Untracked 
| 221|0x000000061ba00000, 0x000000061ba00000, 0x000000061bc00000|  0%| F|  |TAMS 0x000000061ba00000, 0x000000061ba00000| Untracked 
| 222|0x000000061bc00000, 0x000000061bc00000, 0x000000061be00000|  0%| F|  |TAMS 0x000000061bc00000, 0x000000061bc00000| Untracked 
| 223|0x000000061be00000, 0x000000061be00000, 0x000000061c000000|  0%| F|  |TAMS 0x000000061be00000, 0x000000061be00000| Untracked 
| 224|0x000000061c000000, 0x000000061c000000, 0x000000061c200000|  0%| F|  |TAMS 0x000000061c000000, 0x000000061c000000| Untracked 
| 225|0x000000061c200000, 0x000000061c200000, 0x000000061c400000|  0%| F|  |TAMS 0x000000061c200000, 0x000000061c200000| Untracked 
| 226|0x000000061c400000, 0x000000061c400000, 0x000000061c600000|  0%| F|  |TAMS 0x000000061c400000, 0x000000061c400000| Untracked 
| 227|0x000000061c600000, 0x000000061c600000, 0x000000061c800000|  0%| F|  |TAMS 0x000000061c600000, 0x000000061c600000| Untracked 
| 228|0x000000061c800000, 0x000000061c800000, 0x000000061ca00000|  0%| F|  |TAMS 0x000000061c800000, 0x000000061c800000| Untracked 
| 229|0x000000061ca00000, 0x000000061ca00000, 0x000000061cc00000|  0%| F|  |TAMS 0x000000061ca00000, 0x000000061ca00000| Untracked 
| 230|0x000000061cc00000, 0x000000061cc00000, 0x000000061ce00000|  0%| F|  |TAMS 0x000000061cc00000, 0x000000061cc00000| Untracked 
| 231|0x000000061ce00000, 0x000000061ce00000, 0x000000061d000000|  0%| F|  |TAMS 0x000000061ce00000, 0x000000061ce00000| Untracked 
| 232|0x000000061d000000, 0x000000061d000000, 0x000000061d200000|  0%| F|  |TAMS 0x000000061d000000, 0x000000061d000000| Untracked 
| 233|0x000000061d200000, 0x000000061d200000, 0x000000061d400000|  0%| F|  |TAMS 0x000000061d200000, 0x000000061d200000| Untracked 
| 234|0x000000061d400000, 0x000000061d400000, 0x000000061d600000|  0%| F|  |TAMS 0x000000061d400000, 0x000000061d400000| Untracked 
| 235|0x000000061d600000, 0x000000061d600000, 0x000000061d800000|  0%| F|  |TAMS 0x000000061d600000, 0x000000061d600000| Untracked 
| 236|0x000000061d800000, 0x000000061d800000, 0x000000061da00000|  0%| F|  |TAMS 0x000000061d800000, 0x000000061d800000| Untracked 
| 237|0x000000061da00000, 0x000000061da00000, 0x000000061dc00000|  0%| F|  |TAMS 0x000000061da00000, 0x000000061da00000| Untracked 
| 238|0x000000061dc00000, 0x000000061dcca2c8, 0x000000061de00000| 39%| S|  |TAMS 0x000000061dc00000, 0x000000061dc00000| Complete 
| 239|0x000000061de00000, 0x000000061e000000, 0x000000061e000000|100%| E|CS|TAMS 0x000000061de00000, 0x000000061de00000| Complete 
| 240|0x000000061e000000, 0x000000061e200000, 0x000000061e200000|100%| E|CS|TAMS 0x000000061e000000, 0x000000061e000000| Complete 
| 241|0x000000061e200000, 0x000000061e400000, 0x000000061e400000|100%| E|CS|TAMS 0x000000061e200000, 0x000000061e200000| Complete 
| 242|0x000000061e400000, 0x000000061e52c668, 0x000000061e600000| 58%| E|CS|TAMS 0x000000061e400000, 0x000000061e400000| Complete 
| 243|0x000000061e600000, 0x000000061e800000, 0x000000061e800000|100%| E|CS|TAMS 0x000000061e600000, 0x000000061e600000| Complete 
| 244|0x000000061e800000, 0x000000061ea00000, 0x000000061ea00000|100%| E|CS|TAMS 0x000000061e800000, 0x000000061e800000| Complete 
| 245|0x000000061ea00000, 0x000000061ec00000, 0x000000061ec00000|100%| E|CS|TAMS 0x000000061ea00000, 0x000000061ea00000| Complete 
| 246|0x000000061ec00000, 0x000000061ee00000, 0x000000061ee00000|100%| E|CS|TAMS 0x000000061ec00000, 0x000000061ec00000| Complete 
| 247|0x000000061ee00000, 0x000000061f000000, 0x000000061f000000|100%| E|CS|TAMS 0x000000061ee00000, 0x000000061ee00000| Complete 
| 248|0x000000061f000000, 0x000000061f200000, 0x000000061f200000|100%| E|CS|TAMS 0x000000061f000000, 0x000000061f000000| Complete 
| 249|0x000000061f200000, 0x000000061f400000, 0x000000061f400000|100%| E|CS|TAMS 0x000000061f200000, 0x000000061f200000| Complete 
| 250|0x000000061f400000, 0x000000061f600000, 0x000000061f600000|100%| E|CS|TAMS 0x000000061f400000, 0x000000061f400000| Complete 
| 251|0x000000061f600000, 0x000000061f800000, 0x000000061f800000|100%| E|CS|TAMS 0x000000061f600000, 0x000000061f600000| Complete 
| 252|0x000000061f800000, 0x000000061fa00000, 0x000000061fa00000|100%| E|CS|TAMS 0x000000061f800000, 0x000000061f800000| Complete 
| 253|0x000000061fa00000, 0x000000061fc00000, 0x000000061fc00000|100%| E|CS|TAMS 0x000000061fa00000, 0x000000061fa00000| Complete 
| 254|0x000000061fc00000, 0x000000061fe00000, 0x000000061fe00000|100%| E|CS|TAMS 0x000000061fc00000, 0x000000061fc00000| Complete 
| 255|0x000000061fe00000, 0x0000000620000000, 0x0000000620000000|100%| E|CS|TAMS 0x000000061fe00000, 0x000000061fe00000| Complete 
|3582|0x00000007bfc00000, 0x00000007bfd51000, 0x00000007bfe00000| 65%|OA|  |TAMS 0x00000007bfc00000, 0x00000007bfc00000| Untracked 
|3583|0x00000007bfe00000, 0x00000007bfe7b000, 0x00000007c0000000| 24%|CA|  |TAMS 0x00000007bfe00000, 0x00000007bfe00000| Untracked 

Card table byte_map: [0x00000001093d6000,0x000000010a3d6000] _byte_map_base: 0x00000001063d6000

Marking Bits (Prev, Next): (CMBitMap*) 0x00007fc17b80ca18, (CMBitMap*) 0x00007fc17b80ca58
 Prev Bits: [0x000000012979a000, 0x000000013179a000)
 Next Bits: [0x000000013179a000, 0x000000013979a000)

Polling page: 0x0000000108167000

Metaspace:

Usage:
  Non-class:      7.94 MB capacity,     7.79 MB ( 98%) used,   129.10 KB (  2%) free+waste,    21.81 KB ( <1%) overhead. 
      Class:      1.12 MB capacity,     1.01 MB ( 90%) used,    96.26 KB (  8%) free+waste,    14.06 KB (  1%) overhead. 
       Both:      9.05 MB capacity,     8.80 MB ( 97%) used,   225.36 KB (  2%) free+waste,    35.88 KB ( <1%) overhead. 

Virtual space:
  Non-class space:        8.00 MB reserved,       8.00 MB (100%) committed 
      Class space:        1.00 GB reserved,       1.25 MB ( <1%) committed 
             Both:        1.01 GB reserved,       9.25 MB ( <1%) committed 

Chunk freelists:
   Non-Class:  24.00 KB
       Class:  28.00 KB
        Both:  52.00 KB

MaxMetaspaceSize: unlimited
CompressedClassSpaceSize: 1.00 GB

CodeHeap 'non-profiled nmethods': size=120028Kb used=382Kb max_used=382Kb free=119646Kb
 bounds [0x0000000121263000, 0x00000001214d3000, 0x000000012879a000]
CodeHeap 'profiled nmethods': size=120028Kb used=1719Kb max_used=1719Kb free=118308Kb
 bounds [0x0000000119d2c000, 0x0000000119f9c000, 0x0000000121263000]
CodeHeap 'non-nmethods': size=5704Kb used=1282Kb max_used=1302Kb free=4421Kb
 bounds [0x000000011979a000, 0x0000000119a0a000, 0x0000000119d2c000]
 total_blobs=1862 nmethods=1031 adapters=489
 compilation: enabled
              stopped_count=0, restarted_count=0
 full_count=0

Compilation events (20 events):
Event: 1.142 Thread 0x00007fc17c018000 1030       3       java.util.LinkedHashMap$Entry::<init> (10 bytes)
Event: 1.142 Thread 0x00007fc17c018000 nmethod 1030 0x0000000119ece890 code [0x0000000119ecea40, 0x0000000119eced50]
Event: 1.142 Thread 0x00007fc17c018000 1032       3       java.util.LinkedHashMap::afterNodeInsertion (40 bytes)
Event: 1.143 Thread 0x00007fc17c018000 nmethod 1032 0x0000000119ecee90 code [0x0000000119ecf020, 0x0000000119ecf210]
Event: 1.144 Thread 0x00007fc17c018000 1034       3       java.lang.StringLatin1::inflate (34 bytes)
Event: 1.144 Thread 0x00007fc17c018000 nmethod 1034 0x0000000119ecf310 code [0x0000000119ecf4c0, 0x0000000119ecf6b0]
Event: 1.144 Thread 0x00007fc17c018000 1035       3       java.util.Properties::saveConvert (434 bytes)
Event: 1.148 Thread 0x00007fc17c018000 nmethod 1035 0x0000000119ecf810 code [0x0000000119ecfce0, 0x0000000119ed1e80]
Event: 1.148 Thread 0x00007fc17c018000 1036       3       controller.types.graph.Set::<init> (16 bytes)
Event: 1.148 Thread 0x00007fc17c018000 nmethod 1036 0x0000000119ed2a90 code [0x0000000119ed2c60, 0x0000000119ed3090]
Event: 1.165 Thread 0x00007fc17c018000 1038       3       controller.analyzer.ctlCompiler.CtlCompiler::preE (87 bytes)
Event: 1.167 Thread 0x00007fc17c018000 nmethod 1038 0x0000000119ed3210 code [0x0000000119ed3520, 0x0000000119ed4c60]
Event: 1.167 Thread 0x00007fc17c018000 1039       3       controller.types.graph.Set::copy (56 bytes)
Event: 1.168 Thread 0x00007fc17c018000 nmethod 1039 0x0000000119ed5390 code [0x0000000119ed5640, 0x0000000119ed67d0]
Event: 1.168 Thread 0x00007fc17c018000 1040       3       controller.types.graph.Set::union (41 bytes)
Event: 1.169 Thread 0x00007fc17c018000 nmethod 1040 0x0000000119ed6e10 code [0x0000000119ed7060, 0x0000000119ed7de0]
Event: 1.170 Thread 0x00007fc17c018000 1041       3       controller.types.graph.Set::intersect (64 bytes)
Event: 1.171 Thread 0x00007fc17c018000 nmethod 1041 0x0000000119ed8290 code [0x0000000119ed8540, 0x0000000119ed9770]
Event: 1.190 Thread 0x00007fc13b035800 nmethod 997 0x00000001212bff90 code [0x00000001212c02e0, 0x00000001212c1cf8]
Event: 1.190 Thread 0x00007fc13b035800 1027       4       controller.types.graph.Vertex::copyOrigParentsAndOrigChildren (129 bytes)

GC Heap History (3 events):
Event: 1.011 GC heap before
{Heap before GC invocations=0 (full 0):
 garbage-first heap   total 528384K, used 26416K [0x0000000600000000, 0x0000000800000000)
  region size 2048K, 12 young (24576K), 0 survivors (0K)
 Metaspace       used 8768K, capacity 9003K, committed 9216K, reserved 1056768K
  class space    used 1015K, capacity 1141K, committed 1280K, reserved 1048576K
}
Event: 1.018 GC heap after
{Heap after GC invocations=1 (full 0):
 garbage-first heap   total 528384K, used 5089K [0x0000000600000000, 0x0000000800000000)
  region size 2048K, 2 young (4096K), 2 survivors (4096K)
 Metaspace       used 8768K, capacity 9003K, committed 9216K, reserved 1056768K
  class space    used 1015K, capacity 1141K, committed 1280K, reserved 1048576K
}
Event: 1.199 GC heap before
{Heap before GC invocations=1 (full 0):
 garbage-first heap   total 528384K, used 35809K [0x0000000600000000, 0x0000000800000000)
  region size 2048K, 17 young (34816K), 2 survivors (4096K)
 Metaspace       used 9010K, capacity 9272K, committed 9472K, reserved 1056768K
  class space    used 1033K, capacity 1144K, committed 1280K, reserved 1048576K
}

Deoptimization events (20 events):
Event: 1.088 Thread 0x00007fc13b128000 DEOPT PACKING pc=0x0000000119ead519 sp=0x000070000f4efaa0
Event: 1.088 Thread 0x00007fc13b128000 DEOPT UNPACKING pc=0x00000001197e333a sp=0x000070000f4eefc0 mode 0
Event: 1.089 Thread 0x00007fc13b128000 DEOPT PACKING pc=0x0000000119ead519 sp=0x000070000f4efaa0
Event: 1.089 Thread 0x00007fc13b128000 DEOPT UNPACKING pc=0x00000001197e333a sp=0x000070000f4eefc0 mode 0
Event: 1.089 Thread 0x00007fc13b128000 DEOPT PACKING pc=0x0000000119ead519 sp=0x000070000f4efaa0
Event: 1.089 Thread 0x00007fc13b128000 DEOPT UNPACKING pc=0x00000001197e333a sp=0x000070000f4eefc0 mode 0
Event: 1.092 Thread 0x00007fc13b128000 DEOPT PACKING pc=0x0000000119eaf23f sp=0x000070000f4efac0
Event: 1.092 Thread 0x00007fc13b128000 DEOPT UNPACKING pc=0x00000001197e333a sp=0x000070000f4eefc0 mode 0
Event: 1.093 Thread 0x00007fc13b128000 DEOPT PACKING pc=0x0000000119eaf23f sp=0x000070000f4efac0
Event: 1.093 Thread 0x00007fc13b128000 DEOPT UNPACKING pc=0x00000001197e333a sp=0x000070000f4eefc0 mode 0
Event: 1.096 Thread 0x00007fc13b128000 DEOPT PACKING pc=0x0000000119eaf23f sp=0x000070000f4efac0
Event: 1.096 Thread 0x00007fc13b128000 DEOPT UNPACKING pc=0x00000001197e333a sp=0x000070000f4eefc0 mode 0
Event: 1.097 Thread 0x00007fc13b128000 DEOPT PACKING pc=0x0000000119eaf23f sp=0x000070000f4efac0
Event: 1.097 Thread 0x00007fc13b128000 DEOPT UNPACKING pc=0x00000001197e333a sp=0x000070000f4eefc0 mode 0
Event: 1.102 Thread 0x00007fc13b128000 DEOPT PACKING pc=0x0000000119eaf23f sp=0x000070000f4efb20
Event: 1.102 Thread 0x00007fc13b128000 DEOPT UNPACKING pc=0x00000001197e333a sp=0x000070000f4ef020 mode 0
Event: 1.103 Thread 0x00007fc13b128000 DEOPT PACKING pc=0x0000000119eaf23f sp=0x000070000f4efb20
Event: 1.103 Thread 0x00007fc13b128000 DEOPT UNPACKING pc=0x00000001197e333a sp=0x000070000f4ef020 mode 0
Event: 1.104 Thread 0x00007fc13b128000 DEOPT PACKING pc=0x0000000119eaf23f sp=0x000070000f4efb20
Event: 1.104 Thread 0x00007fc13b128000 DEOPT UNPACKING pc=0x00000001197e333a sp=0x000070000f4ef020 mode 0

Classes unloaded (0 events):
No events

Classes redefined (0 events):
No events

Internal exceptions (13 events):
Event: 0.122 Thread 0x00007fc17d00a800 Exception <a 'java/lang/ClassNotFoundException'{0x000000061fcff1a0}: sun/awt/resources/spi/awtProvider> (0x000000061fcff1a0) 
thrown [./open/src/hotspot/share/classfile/systemDictionary.cpp, line 226]
Event: 0.148 Thread 0x00007fc17d00a800 Exception <a 'java/io/FileNotFoundException'{0x000000061fd4bba0}> (0x000000061fd4bba0) 
thrown [./open/src/hotspot/share/prims/jni.cpp, line 599]
Event: 0.153 Thread 0x00007fc17d00a800 Exception <a 'java/io/FileNotFoundException'{0x000000061fd71e08}> (0x000000061fd71e08) 
thrown [./open/src/hotspot/share/prims/jni.cpp, line 599]
Event: 0.157 Thread 0x00007fc17d00a800 Exception <a 'java/lang/ClassNotFoundException'{0x000000061fd75c00}: sun/awt/resources/spi/awtosxProvider> (0x000000061fd75c00) 
thrown [./open/src/hotspot/share/classfile/systemDictionary.cpp, line 226]
Event: 0.628 Thread 0x00007fc13b128000 Exception <a 'java/lang/NoSuchMethodError'{0x000000061f81c758}: 'void java.lang.invoke.DirectMethodHandle$Holder.invokeStaticInit(java.lang.Object)'> (0x000000061f81c758) 
thrown [./open/src/hotspot/share/interpreter/linkResolver.cpp, line 766]
Event: 0.640 Thread 0x00007fc13b128000 Exception <a 'java/lang/NoSuchMethodError'{0x000000061f841d78}: 'java.lang.Object java.lang.invoke.DirectMethodHandle$Holder.invokeStatic(java.lang.Object, int, java.lang.Object, java.lang.Object, java.lang.Object, java.lang.Object)'> (0x000000061f841d78) 
thrown [./open/src/hotspot/share/interpreter/linkResolver.cpp, line 766]
Event: 0.641 Thread 0x00007fc13b128000 Exception <a 'java/lang/NoSuchMethodError'{0x000000061f848698}: 'java.lang.Object java.lang.invoke.DirectMethodHandle$Holder.invokeStatic(java.lang.Object, int, java.lang.Object, java.lang.Object, java.lang.Object)'> (0x000000061f848698) 
thrown [./open/src/hotspot/share/interpreter/linkResolver.cpp, line 766]
Event: 0.641 Thread 0x00007fc13b128000 Exception <a 'java/lang/NoSuchMethodError'{0x000000061f84bee8}: 'java.lang.Object java.lang.invoke.DirectMethodHandle$Holder.invokeSpecial(java.lang.Object, java.lang.Object, int, java.lang.Object, java.lang.Object, java.lang.Object)'> (0x000000061f84bee8) 
thrown [./open/src/hotspot/share/interpreter/linkResolver.cpp, line 766]
Event: 0.644 Thread 0x00007fc13b128000 Exception <a 'java/lang/NoSuchMethodError'{0x000000061f862260}: 'java.lang.Object java.lang.invoke.DirectMethodHandle$Holder.invokeStatic(java.lang.Object, int, java.lang.Object)'> (0x000000061f862260) 
thrown [./open/src/hotspot/share/interpreter/linkResolver.cpp, line 766]
Event: 0.649 Thread 0x00007fc13b128000 Exception <a 'java/lang/ClassNotFoundException'{0x000000061f88ee18}: com/apple/laf/resources/spi/aquaProvider> (0x000000061f88ee18) 
thrown [./open/src/hotspot/share/classfile/systemDictionary.cpp, line 226]
Event: 0.680 Thread 0x00007fc13b128000 Exception <a 'java/lang/ClassNotFoundException'{0x000000061f8f22f8}: com/sun/swing/internal/plaf/basic/resources/spi/basicProvider> (0x000000061f8f22f8) 
thrown [./open/src/hotspot/share/classfile/systemDictionary.cpp, line 226]
Event: 0.708 Thread 0x00007fc13b128000 Exception <a 'java/lang/NoSuchMethodError'{0x000000061f945178}: 'int java.lang.invoke.DirectMethodHandle$Holder.invokeSpecialIFC(java.lang.Object, java.lang.Object, int)'> (0x000000061f945178) 
thrown [./open/src/hotspot/share/interpreter/linkResolver.cpp, line 766]
Event: 0.825 Thread 0x00007fc13b128000 Exception <a 'java/lang/NoSuchMethodError'{0x000000061f733128}: 'java.lang.Object java.lang.invoke.Invokers$Holder.invokeExact_MT(java.lang.Object, java.lang.Object, java.lang.Object, java.lang.Object, java.lang.Object, java.lang.Object)'> (0x000000061f733128) 
thrown [./open/src/hotspot/share/interpreter/linkResolver.cpp, line 766]

Events (20 events):
Event: 1.136 Executing VM operation: HandshakeOneThread done
Event: 1.137 loading class sun/util/locale/provider/BaseLocaleDataMetaInfo
Event: 1.137 loading class sun/util/locale/provider/BaseLocaleDataMetaInfo done
Event: 1.137 Executing VM operation: HandshakeOneThread
Event: 1.137 Executing VM operation: HandshakeOneThread done
Event: 1.137 Executing VM operation: HandshakeOneThread
Event: 1.138 Executing VM operation: HandshakeOneThread done
Event: 1.138 loading class sun/util/resources/cldr/TimeZoneNames
Event: 1.138 loading class sun/util/resources/TimeZoneNamesBundle
Event: 1.138 loading class sun/util/resources/OpenListResourceBundle
Event: 1.138 loading class sun/util/resources/OpenListResourceBundle done
Event: 1.138 loading class sun/util/resources/TimeZoneNamesBundle done
Event: 1.138 loading class sun/util/resources/cldr/TimeZoneNames done
Event: 1.138 loading class sun/util/resources/cldr/TimeZoneNames_en
Event: 1.139 loading class sun/util/resources/cldr/TimeZoneNames_en done
Event: 1.140 loading class sun/util/resources/cldr/TimeZoneNames_en_US
Event: 1.140 loading class sun/util/resources/cldr/TimeZoneNames_en_US done
Event: 1.142 loading class java/util/LinkedHashMap$LinkedKeySet
Event: 1.142 loading class java/util/LinkedHashMap$LinkedKeySet done
Event: 1.199 Executing VM operation: G1CollectForAllocation


Dynamic libraries:
0x00007fff2a497000 	/usr/lib/libz.1.dylib
0x0000000107394000 	/Users/markmcdermott/Library/Java/JavaVirtualMachines/openjdk-14.0.1/Contents/Home/lib/libjli.dylib
0x00007fff34fd5000 	/System/Library/Frameworks/Cocoa.framework/Versions/A/Cocoa
0x00007fff22212000 	/System/Library/Frameworks/Security.framework/Versions/A/Security
0x00007fff331d4000 	/System/Library/Frameworks/ApplicationServices.framework/Versions/A/ApplicationServices
0x00007fff2a55f000 	/usr/lib/libSystem.B.dylib
0x00007fff2a559000 	/usr/lib/system/libcache.dylib
0x00007fff2a515000 	/usr/lib/system/libcommonCrypto.dylib
0x00007fff2a53f000 	/usr/lib/system/libcompiler_rt.dylib
0x00007fff2a534000 	/usr/lib/system/libcopyfile.dylib
0x00007fff200e9000 	/usr/lib/system/libcorecrypto.dylib
0x00007fff201b5000 	/usr/lib/system/libdispatch.dylib
0x00007fff20369000 	/usr/lib/system/libdyld.dylib
0x00007fff2a550000 	/usr/lib/system/libkeymgr.dylib
0x00007fff2d992000 	/usr/lib/system/liblaunch.dylib
0x00007fff2a4f3000 	/usr/lib/system/libmacho.dylib
0x00007fff29d0e000 	/usr/lib/system/libquarantine.dylib
0x00007fff2a54d000 	/usr/lib/system/libremovefile.dylib
0x00007fff24ba7000 	/usr/lib/system/libsystem_asl.dylib
0x00007fff20099000 	/usr/lib/system/libsystem_blocks.dylib
0x00007fff20236000 	/usr/lib/system/libsystem_c.dylib
0x00007fff2a547000 	/usr/lib/system/libsystem_collections.dylib
0x00007fff29003000 	/usr/lib/system/libsystem_configuration.dylib
0x00007fff282f7000 	/usr/lib/system/libsystem_containermanager.dylib
0x00007fff2a28f000 	/usr/lib/system/libsystem_coreservices.dylib
0x00007fff227c6000 	/usr/lib/system/libsystem_darwin.dylib
0x00007fff2a551000 	/usr/lib/system/libsystem_dnssd.dylib
0x00007fff20233000 	/usr/lib/system/libsystem_featureflags.dylib
0x00007fff203ae000 	/usr/lib/system/libsystem_info.dylib
0x00007fff2a4aa000 	/usr/lib/system/libsystem_m.dylib
0x00007fff20188000 	/usr/lib/system/libsystem_malloc.dylib
0x00007fff24b3b000 	/usr/lib/system/libsystem_networkextension.dylib
0x00007fff22be0000 	/usr/lib/system/libsystem_notify.dylib
0x00007fff2fe3f000 	/usr/lib/system/libsystem_product_info_filter.dylib
0x00007fff29007000 	/usr/lib/system/libsystem_sandbox.dylib
0x00007fff2a54a000 	/usr/lib/system/libsystem_secinit.dylib
0x00007fff2032e000 	/usr/lib/system/libsystem_kernel.dylib
0x00007fff203a4000 	/usr/lib/system/libsystem_platform.dylib
0x00007fff2035d000 	/usr/lib/system/libsystem_pthread.dylib
0x00007fff262a5000 	/usr/lib/system/libsystem_symptoms.dylib
0x00007fff200d1000 	/usr/lib/system/libsystem_trace.dylib
0x00007fff2a521000 	/usr/lib/system/libunwind.dylib
0x00007fff2009b000 	/usr/lib/system/libxpc.dylib
0x00007fff20315000 	/usr/lib/libc++abi.dylib
0x00007fff201fa000 	/usr/lib/libobjc.A.dylib
0x00007fff2a52c000 	/usr/lib/liboah.dylib
0x00007fff202bf000 	/usr/lib/libc++.1.dylib
0x00007fff203da000 	/System/Library/Frameworks/CoreFoundation.framework/Versions/A/CoreFoundation
0x00007fff21187000 	/System/Library/Frameworks/Foundation.framework/Versions/C/Foundation
0x00007fff22c38000 	/System/Library/Frameworks/AppKit.framework/Versions/C/AppKit
0x00007fff25ace000 	/System/Library/Frameworks/CoreData.framework/Versions/A/CoreData
0x00007fff2399b000 	/System/Library/PrivateFrameworks/UIFoundation.framework/Versions/A/UIFoundation
0x00007fff2fbb8000 	/System/Library/PrivateFrameworks/RemoteViewServices.framework/Versions/A/RemoteViewServices
0x00007fff289c1000 	/System/Library/PrivateFrameworks/XCTTargetBootstrap.framework/Versions/A/XCTTargetBootstrap
0x00007fff2b69e000 	/usr/lib/libspindump.dylib
0x00007fff23bef000 	/System/Library/Frameworks/UniformTypeIdentifiers.framework/Versions/A/UniformTypeIdentifiers
0x00007fff27198000 	/usr/lib/libapp_launch_measurement.dylib
0x00007fff2719b000 	/System/Library/PrivateFrameworks/CoreAutoLayout.framework/Versions/A/CoreAutoLayout
0x00007fff28323000 	/System/Library/Frameworks/Metal.framework/Versions/A/Metal
0x00007fff29012000 	/usr/lib/liblangid.dylib
0x00007fff289c5000 	/System/Library/PrivateFrameworks/CoreSVG.framework/Versions/A/CoreSVG
0x00007fff24bd6000 	/System/Library/PrivateFrameworks/SkyLight.framework/Versions/A/SkyLight
0x00007fff24f3c000 	/System/Library/Frameworks/CoreGraphics.framework/Versions/A/CoreGraphics
0x00007fff3020f000 	/System/Library/Frameworks/Accelerate.framework/Versions/A/Accelerate
0x00007fff2b0d9000 	/System/Library/PrivateFrameworks/IconServices.framework/Versions/A/IconServices
0x00007fff28308000 	/System/Library/Frameworks/IOSurface.framework/Versions/A/IOSurface
0x00007fff26457000 	/usr/lib/libDiagnosticMessagesClient.dylib
0x00007fff289ad000 	/System/Library/PrivateFrameworks/DFRFoundation.framework/Versions/A/DFRFoundation
0x00007fff22564000 	/usr/lib/libicucore.A.dylib
0x00007fff2cbe0000 	/System/Library/Frameworks/AudioToolbox.framework/Versions/A/AudioToolbox
0x00007fff2be86000 	/System/Library/PrivateFrameworks/DataDetectorsCore.framework/Versions/A/DataDetectorsCore
0x00007fff286ad000 	/System/Library/Frameworks/Carbon.framework/Versions/A/Frameworks/HIToolbox.framework/Versions/A/HIToolbox
0x00007fff26bf0000 	/System/Library/Frameworks/QuartzCore.framework/Versions/A/QuartzCore
0x00007fff2fbf4000 	/System/Library/Frameworks/Carbon.framework/Versions/A/Frameworks/SpeechRecognition.framework/Versions/A/SpeechRecognition
0x00007fff26f00000 	/System/Library/PrivateFrameworks/CoreUI.framework/Versions/A/CoreUI
0x00007fff21b6e000 	/System/Library/Frameworks/CoreAudio.framework/Versions/A/CoreAudio
0x00007fff26542000 	/System/Library/Frameworks/DiskArbitration.framework/Versions/A/DiskArbitration
0x00007fff2ba99000 	/System/Library/PrivateFrameworks/MultitouchSupport.framework/Versions/A/MultitouchSupport
0x00007fff2be7d000 	/System/Library/PrivateFrameworks/InternationalSupport.framework/Versions/A/InternationalSupport
0x00007fff24b4a000 	/usr/lib/libenergytrace.dylib
0x00007fff22b32000 	/System/Library/Frameworks/IOKit.framework/Versions/A/IOKit
0x00007fff2ff41000 	/System/Library/Frameworks/CoreServices.framework/Versions/A/CoreServices
0x00007fff2712e000 	/System/Library/PrivateFrameworks/PerformanceAnalysis.framework/Versions/A/PerformanceAnalysis
0x00007fff6c83e000 	/System/Library/Frameworks/OpenGL.framework/Versions/A/OpenGL
0x00007fff2bf02000 	/System/Library/PrivateFrameworks/UserActivity.framework/Versions/A/UserActivity
0x00007fff255d0000 	/System/Library/Frameworks/ColorSync.framework/Versions/A/ColorSync
0x00007fff28c29000 	/System/Library/Frameworks/CoreImage.framework/Versions/A/CoreImage
0x00007fff21985000 	/System/Library/Frameworks/CoreText.framework/Versions/A/CoreText
0x00007fff289ef000 	/System/Library/Frameworks/ImageIO.framework/Versions/A/ImageIO
0x00007fff2a565000 	/System/Library/PrivateFrameworks/SoftLinking.framework/Versions/A/SoftLinking
0x00007fff271e4000 	/usr/lib/libxml2.2.dylib
0x00007fff2a7d7000 	/usr/lib/libcompression.dylib
0x00007fff24b4b000 	/usr/lib/libMobileGestalt.dylib
0x00007fff2bdb0000 	/System/Library/PrivateFrameworks/TextureIO.framework/Versions/A/TextureIO
0x00007fff2adfc000 	/usr/lib/libate.dylib
0x00007fff2abe2000 	/usr/lib/liblzma.5.dylib
0x00007fff20e9b000 	/System/Library/Frameworks/SystemConfiguration.framework/Versions/A/SystemConfiguration
0x00007fff2a561000 	/usr/lib/libfakelink.dylib
0x00007fff2469d000 	/System/Library/Frameworks/CFNetwork.framework/Versions/A/CFNetwork
0x00007fff2a6a1000 	/usr/lib/libarchive.2.dylib
0x00007fff20f19000 	/usr/lib/libCRFSuite.dylib
0x00007fff29d35000 	/usr/lib/libbsm.0.dylib
0x00007fff24059000 	/usr/lib/libnetwork.dylib
0x00007fff2a566000 	/usr/lib/libpcap.A.dylib
0x00007fff2629e000 	/usr/lib/libdns_services.dylib
0x00007fff2abfb000 	/usr/lib/libcoretls_cfhelpers.dylib
0x00007fff2a7a5000 	/usr/lib/libapple_nghttp2.dylib
0x00007fff2a4f9000 	/usr/lib/system/libkxld.dylib
0x00007fff25f04000 	/usr/lib/libsqlite3.dylib
0x00007fff2a271000 	/System/Library/PrivateFrameworks/AppleFSCompression.framework/Versions/A/AppleFSCompression
0x00007fff29d1d000 	/usr/lib/libcoretls.dylib
0x00007fff2a7d2000 	/usr/lib/libpam.2.dylib
0x00007fff2acf7000 	/usr/lib/libxar.1.dylib
0x00007fff2900e000 	/System/Library/PrivateFrameworks/AppleSystemInfo.framework/Versions/A/AppleSystemInfo
0x00007fff29960000 	/System/Library/PrivateFrameworks/IOMobileFramebuffer.framework/Versions/A/IOMobileFramebuffer
0x00007fff2a281000 	/usr/lib/libbz2.1.0.dylib
0x00007fff2a59e000 	/usr/lib/libiconv.2.dylib
0x00007fff2a4f2000 	/usr/lib/libcharset.1.dylib
0x00007fff2716a000 	/System/Library/Frameworks/CoreServices.framework/Versions/A/Frameworks/FSEvents.framework/Versions/A/FSEvents
0x00007fff227d0000 	/System/Library/Frameworks/CoreServices.framework/Versions/A/Frameworks/CarbonCore.framework/Versions/A/CarbonCore
0x00007fff264a7000 	/System/Library/Frameworks/CoreServices.framework/Versions/A/Frameworks/Metadata.framework/Versions/A/Metadata
0x00007fff2a294000 	/System/Library/Frameworks/CoreServices.framework/Versions/A/Frameworks/OSServices.framework/Versions/A/OSServices
0x00007fff2a713000 	/System/Library/Frameworks/CoreServices.framework/Versions/A/Frameworks/SearchKit.framework/Versions/A/SearchKit
0x00007fff26228000 	/System/Library/Frameworks/CoreServices.framework/Versions/A/Frameworks/AE.framework/Versions/A/AE
0x00007fff20876000 	/System/Library/Frameworks/CoreServices.framework/Versions/A/Frameworks/LaunchServices.framework/Versions/A/LaunchServices
0x00007fff2ab93000 	/System/Library/Frameworks/CoreServices.framework/Versions/A/Frameworks/DictionaryServices.framework/Versions/A/DictionaryServices
0x00007fff27173000 	/System/Library/Frameworks/CoreServices.framework/Versions/A/Frameworks/SharedFileList.framework/Versions/A/SharedFileList
0x00007fff29d11000 	/usr/lib/libCheckFix.dylib
0x00007fff24bbe000 	/System/Library/PrivateFrameworks/TCC.framework/Versions/A/TCC
0x00007fff29014000 	/System/Library/PrivateFrameworks/CoreNLP.framework/Versions/A/CoreNLP
0x00007fff2645a000 	/System/Library/PrivateFrameworks/MetadataUtilities.framework/Versions/A/MetadataUtilities
0x00007fff20f4f000 	/usr/lib/libmecabra.dylib
0x00007fff2a024000 	/System/Library/Frameworks/MLCompute.framework/Versions/A/MLCompute
0x00007fff29d46000 	/usr/lib/libmecab.dylib
0x00007fff29d90000 	/usr/lib/libgermantok.dylib
0x00007fff2a77b000 	/usr/lib/libThaiTokenizer.dylib
0x00007fff2ad32000 	/usr/lib/libChineseTokenizer.dylib
0x00007fff2a7d0000 	/System/Library/Frameworks/MetalPerformanceShaders.framework/Versions/A/MetalPerformanceShaders
0x00007fff26549000 	/System/Library/Frameworks/Accelerate.framework/Versions/A/Frameworks/vImage.framework/Versions/A/vImage
0x00007fff2ff1a000 	/System/Library/Frameworks/Accelerate.framework/Versions/A/Frameworks/vecLib.framework/Versions/A/vecLib
0x00007fff2ad3d000 	/System/Library/Frameworks/Accelerate.framework/Versions/A/Frameworks/vecLib.framework/Versions/A/libvMisc.dylib
0x00007fff29779000 	/System/Library/Frameworks/Accelerate.framework/Versions/A/Frameworks/vecLib.framework/Versions/A/libvDSP.dylib
0x00007fff20b7a000 	/System/Library/Frameworks/Accelerate.framework/Versions/A/Frameworks/vecLib.framework/Versions/A/libBLAS.dylib
0x00007fff2a7f6000 	/System/Library/Frameworks/Accelerate.framework/Versions/A/Frameworks/vecLib.framework/Versions/A/libLAPACK.dylib
0x00007fff29d96000 	/System/Library/Frameworks/Accelerate.framework/Versions/A/Frameworks/vecLib.framework/Versions/A/libLinearAlgebra.dylib
0x00007fff2a7bd000 	/System/Library/Frameworks/Accelerate.framework/Versions/A/Frameworks/vecLib.framework/Versions/A/libSparseBLAS.dylib
0x00007fff2a7f0000 	/System/Library/Frameworks/Accelerate.framework/Versions/A/Frameworks/vecLib.framework/Versions/A/libQuadrature.dylib
0x00007fff290bc000 	/System/Library/Frameworks/Accelerate.framework/Versions/A/Frameworks/vecLib.framework/Versions/A/libBNNS.dylib
0x00007fff20e2c000 	/System/Library/Frameworks/Accelerate.framework/Versions/A/Frameworks/vecLib.framework/Versions/A/libSparse.dylib
0x00007fff28fa7000 	/System/Library/Frameworks/MetalPerformanceShaders.framework/Versions/A/Frameworks/MPSCore.framework/Versions/A/MPSCore
0x00007fff2a1e0000 	/System/Library/Frameworks/MetalPerformanceShaders.framework/Versions/A/Frameworks/MPSImage.framework/Versions/A/MPSImage
0x00007fff29dac000 	/System/Library/Frameworks/MetalPerformanceShaders.framework/Versions/A/Frameworks/MPSNeuralNetwork.framework/Versions/A/MPSNeuralNetwork
0x00007fff2a16b000 	/System/Library/Frameworks/MetalPerformanceShaders.framework/Versions/A/Frameworks/MPSMatrix.framework/Versions/A/MPSMatrix
0x00007fff29fd4000 	/System/Library/Frameworks/MetalPerformanceShaders.framework/Versions/A/Frameworks/MPSRayIntersector.framework/Versions/A/MPSRayIntersector
0x00007fff2a1a2000 	/System/Library/Frameworks/MetalPerformanceShaders.framework/Versions/A/Frameworks/MPSNDArray.framework/Versions/A/MPSNDArray
0x00007fff20aa6000 	/System/Library/PrivateFrameworks/MetalTools.framework/Versions/A/MetalTools
0x00007fff2900c000 	/System/Library/PrivateFrameworks/AggregateDictionary.framework/Versions/A/AggregateDictionary
0x00007fff26432000 	/System/Library/PrivateFrameworks/CoreAnalytics.framework/Versions/A/CoreAnalytics
0x00007fff2a77d000 	/System/Library/PrivateFrameworks/AppleSauce.framework/Versions/A/AppleSauce
0x00007fff2831a000 	/System/Library/PrivateFrameworks/IOAccelerator.framework/Versions/A/IOAccelerator
0x00007fff6c832000 	/System/Library/Frameworks/OpenGL.framework/Versions/A/Libraries/libCoreFSCache.dylib
0x00007fff214eb000 	/System/Library/PrivateFrameworks/LanguageModeling.framework/Versions/A/LanguageModeling
0x00007fff2994d000 	/System/Library/PrivateFrameworks/CoreEmoji.framework/Versions/A/CoreEmoji
0x00007fff290b5000 	/System/Library/PrivateFrameworks/LinguisticData.framework/Versions/A/LinguisticData
0x00007fff20dde000 	/System/Library/PrivateFrameworks/Lexicon.framework/Versions/A/Lexicon
0x00007fff2a68f000 	/usr/lib/libcmph.dylib
0x00007fff2714a000 	/System/Library/Frameworks/OpenDirectory.framework/Versions/A/Frameworks/CFOpenDirectory.framework/Versions/A/CFOpenDirectory
0x00007fff2713a000 	/System/Library/Frameworks/OpenDirectory.framework/Versions/A/OpenDirectory
0x00007fff2abfd000 	/System/Library/PrivateFrameworks/APFS.framework/Versions/A/APFS
0x00007fff29c72000 	/System/Library/Frameworks/SecurityFoundation.framework/Versions/A/SecurityFoundation
0x00007fff2ad05000 	/usr/lib/libutil.dylib
0x00007fff22af7000 	/System/Library/PrivateFrameworks/CoreServicesStore.framework/Versions/A/CoreServicesStore
0x00007fff29d09000 	/System/Library/Frameworks/ServiceManagement.framework/Versions/A/ServiceManagement
0x00007fff2ad09000 	/usr/lib/libxslt.1.dylib
0x00007fff29cff000 	/System/Library/PrivateFrameworks/BackgroundTaskManagement.framework/Versions/A/BackgroundTaskManagement
0x00007fff2bcfa000 	/System/Library/Frameworks/ImageIO.framework/Versions/A/Resources/libRadiance.dylib
0x00007fff2bd04000 	/System/Library/Frameworks/ImageIO.framework/Versions/A/Resources/libJPEG.dylib
0x00007fff2bc53000 	/System/Library/Frameworks/ImageIO.framework/Versions/A/Resources/libPng.dylib
0x00007fff2bc7a000 	/System/Library/Frameworks/ImageIO.framework/Versions/A/Resources/libTIFF.dylib
0x00007fff2bd59000 	/System/Library/Frameworks/ImageIO.framework/Versions/A/Resources/libGIF.dylib
0x00007fff2b9b6000 	/System/Library/Frameworks/ImageIO.framework/Versions/A/Resources/libJP2.dylib
0x00007fff2b0a0000 	/usr/lib/libexpat.1.dylib
0x00007fff2b96b000 	/System/Library/PrivateFrameworks/AppleJPEG.framework/Versions/A/AppleJPEG
0x00007fff28550000 	/System/Library/PrivateFrameworks/FontServices.framework/libFontParser.dylib
0x00007fff261dc000 	/System/Library/PrivateFrameworks/RunningBoardServices.framework/Versions/A/RunningBoardServices
0x00007fff2ba95000 	/System/Library/PrivateFrameworks/WatchdogClient.framework/Versions/A/WatchdogClient
0x00007fff215d8000 	/System/Library/Frameworks/CoreDisplay.framework/Versions/A/CoreDisplay
0x00007fff28466000 	/System/Library/Frameworks/CoreMedia.framework/Versions/A/CoreMedia
0x00007fff272c7000 	/System/Library/Frameworks/CoreVideo.framework/Versions/A/CoreVideo
0x00007fff2bacd000 	/System/Library/Frameworks/VideoToolbox.framework/Versions/A/VideoToolbox
0x00007fff2615a000 	/System/Library/PrivateFrameworks/BaseBoard.framework/Versions/A/BaseBoard
0x00007fff2b1e5000 	/System/Library/PrivateFrameworks/PersistentConnection.framework/Versions/A/PersistentConnection
0x00007fff25eed000 	/System/Library/PrivateFrameworks/ProtocolBuffer.framework/Versions/A/ProtocolBuffer
0x00007fff26141000 	/System/Library/PrivateFrameworks/CommonUtilities.framework/Versions/A/CommonUtilities
0x00007fff2b900000 	/System/Library/PrivateFrameworks/Bom.framework/Versions/A/Bom
0x00007fff2bcf3000 	/System/Library/PrivateFrameworks/GPUWrangler.framework/Versions/A/GPUWrangler
0x00007fff2bcd8000 	/System/Library/PrivateFrameworks/IOPresentment.framework/Versions/A/IOPresentment
0x00007fff2bcfe000 	/System/Library/PrivateFrameworks/DSExternalDisplay.framework/Versions/A/DSExternalDisplay
0x00007fff2bd5e000 	/System/Library/PrivateFrameworks/CMCaptureCore.framework/Versions/A/CMCaptureCore
0x00007fff2b685000 	/System/Library/PrivateFrameworks/AppServerSupport.framework/Versions/A/AppServerSupport
0x00007fff2d731000 	/System/Library/PrivateFrameworks/perfdata.framework/Versions/A/perfdata
0x00007fff29c61000 	/System/Library/PrivateFrameworks/AssertionServices.framework/Versions/A/AssertionServices
0x00007fff2170f000 	/System/Library/PrivateFrameworks/AudioToolboxCore.framework/Versions/A/AudioToolboxCore
0x00007fff28449000 	/System/Library/PrivateFrameworks/caulk.framework/Versions/A/caulk
0x00007fff3d3be000 	/System/Library/PrivateFrameworks/SystemPolicy.framework/Versions/A/SystemPolicy
0x00007fff2ae95000 	/usr/lib/libIOReport.dylib
0x00007fff2cf53000 	/usr/lib/libSMC.dylib
0x00007fff2bc20000 	/usr/lib/libAudioToolboxUtility.dylib
0x00007fff3dd28000 	/usr/lib/libmis.dylib
0x00007fff6c88e000 	/System/Library/Frameworks/OpenGL.framework/Versions/A/Libraries/libGLU.dylib
0x00007fff6c851000 	/System/Library/Frameworks/OpenGL.framework/Versions/A/Libraries/libGFXShared.dylib
0x00007fff6ca60000 	/System/Library/Frameworks/OpenGL.framework/Versions/A/Libraries/libGL.dylib
0x00007fff6c85a000 	/System/Library/Frameworks/OpenGL.framework/Versions/A/Libraries/libGLImage.dylib
0x00007fff6c84e000 	/System/Library/Frameworks/OpenGL.framework/Versions/A/Libraries/libCVMSPluginSupport.dylib
0x00007fff6c839000 	/System/Library/Frameworks/OpenGL.framework/Versions/A/Libraries/libCoreVMClient.dylib
0x00007fff6dea1000 	/System/Library/Frameworks/OpenCL.framework/Versions/A/OpenCL
0x00007fff2b20f000 	/System/Library/PrivateFrameworks/GraphVisualizer.framework/Versions/A/GraphVisualizer
0x00007fff2b21e000 	/System/Library/PrivateFrameworks/FaceCore.framework/Versions/A/FaceCore
0x00007fff2b63a000 	/System/Library/PrivateFrameworks/OTSVG.framework/Versions/A/OTSVG
0x00007fff26ebe000 	/System/Library/Frameworks/ApplicationServices.framework/Versions/A/Frameworks/ATS.framework/Versions/A/Resources/libFontRegistry.dylib
0x00007fff2b68c000 	/System/Library/PrivateFrameworks/FontServices.framework/libhvf.dylib
0x00007fff2b04c000 	/System/Library/PrivateFrameworks/AppleVA.framework/Versions/A/AppleVA
0x00007fff2cd9c000 	/System/Library/Frameworks/ApplicationServices.framework/Versions/A/Frameworks/ATS.framework/Versions/A/ATS
0x00007fff2d0ae000 	/System/Library/Frameworks/ApplicationServices.framework/Versions/A/Frameworks/ColorSyncLegacy.framework/Versions/A/ColorSyncLegacy
0x00007fff256c7000 	/System/Library/Frameworks/ApplicationServices.framework/Versions/A/Frameworks/HIServices.framework/Versions/A/HIServices
0x00007fff2d093000 	/System/Library/Frameworks/ApplicationServices.framework/Versions/A/Frameworks/LangAnalysis.framework/Versions/A/LangAnalysis
0x00007fff2bd68000 	/System/Library/Frameworks/ApplicationServices.framework/Versions/A/Frameworks/PrintCore.framework/Versions/A/PrintCore
0x00007fff2d0b6000 	/System/Library/Frameworks/ApplicationServices.framework/Versions/A/Frameworks/QD.framework/Versions/A/QD
0x00007fff2cd8c000 	/System/Library/Frameworks/ApplicationServices.framework/Versions/A/Frameworks/SpeechSynthesis.framework/Versions/A/SpeechSynthesis
0x00007fff2bd29000 	/System/Library/Frameworks/ApplicationServices.framework/Versions/A/Frameworks/ATSUI.framework/Versions/A/ATSUI
0x00007fff2d033000 	/usr/lib/libcups.2.dylib
0x00007fff2d0a3000 	/System/Library/PrivateFrameworks/NetAuth.framework/Versions/A/NetAuth
0x00007fff2d74d000 	/System/Library/Frameworks/Kerberos.framework/Versions/A/Kerberos
0x00007fff2d75d000 	/System/Library/Frameworks/GSS.framework/Versions/A/GSS
0x00007fff2ce08000 	/usr/lib/libresolv.9.dylib
0x00007fff2b6a1000 	/System/Library/PrivateFrameworks/Heimdal.framework/Versions/A/Heimdal
0x00007fff334d4000 	/System/Library/Frameworks/Kerberos.framework/Versions/A/Libraries/libHeimdalProxy.dylib
0x00007fff262ad000 	/System/Library/Frameworks/Network.framework/Versions/A/Network
0x00007fff2b0ba000 	/usr/lib/libheimdal-asn1.dylib
0x00007fff2d7ad000 	/System/Library/PrivateFrameworks/CommonAuth.framework/Versions/A/CommonAuth
0x00007fff27314000 	/System/Library/PrivateFrameworks/login.framework/Versions/A/Frameworks/loginsupport.framework/Versions/A/loginsupport
0x00007fff2cd11000 	/System/Library/PrivateFrameworks/AudioSession.framework/Versions/A/AudioSession
0x00007fff2cd79000 	/usr/lib/libAudioStatistics.dylib
0x00007fff2b147000 	/System/Library/PrivateFrameworks/MediaExperience.framework/Versions/A/MediaExperience
0x00007fff2cbae000 	/System/Library/PrivateFrameworks/AudioSession.framework/libSessionUtility.dylib
0x00007fff2d73e000 	/usr/lib/libperfcheck.dylib
0x00007fff2d0c2000 	/System/Library/PrivateFrameworks/AudioResourceArbitration.framework/Versions/A/AudioResourceArbitration
0x00007fff2b0c4000 	/System/Library/PrivateFrameworks/IconFoundation.framework/Versions/A/IconFoundation
0x00007fff2fbe4000 	/System/Library/PrivateFrameworks/SpeechRecognitionCore.framework/Versions/A/SpeechRecognitionCore
0x00000001073d1000 	/Users/markmcdermott/Library/Java/JavaVirtualMachines/openjdk-14.0.1/Contents/Home/lib/server/libjvm.dylib
0x000000010815c000 	/Users/markmcdermott/Library/Java/JavaVirtualMachines/openjdk-14.0.1/Contents/Home/lib/libjimage.dylib
0x0000000108169000 	/Users/markmcdermott/Library/Java/JavaVirtualMachines/openjdk-14.0.1/Contents/Home/lib/libinstrument.dylib
0x0000000108179000 	/Users/markmcdermott/Library/Java/JavaVirtualMachines/openjdk-14.0.1/Contents/Home/lib/libjava.dylib
0x00000001081e8000 	/Users/markmcdermott/Library/Java/JavaVirtualMachines/openjdk-14.0.1/Contents/Home/lib/libzip.dylib
0x000000010a4f0000 	/Users/markmcdermott/Library/Java/JavaVirtualMachines/openjdk-14.0.1/Contents/Home/lib/libnio.dylib
0x000000010a503000 	/Users/markmcdermott/Library/Java/JavaVirtualMachines/openjdk-14.0.1/Contents/Home/lib/libnet.dylib
0x000000010a51b000 	/Users/markmcdermott/Library/Java/JavaVirtualMachines/openjdk-14.0.1/Contents/Home/lib/libverify.dylib
0x000000010a52a000 	/Users/markmcdermott/Library/Java/JavaVirtualMachines/openjdk-14.0.1/Contents/Home/lib/libextnet.dylib
0x000000010a531000 	/Users/markmcdermott/Library/Java/JavaVirtualMachines/openjdk-14.0.1/Contents/Home/lib/libawt.dylib
0x000000010a5cd000 	/Users/markmcdermott/Library/Java/JavaVirtualMachines/openjdk-14.0.1/Contents/Home/lib/libmlib_image.dylib
0x00007fff6f6c6000 	/System/Library/Frameworks/JavaNativeFoundation.framework/Versions/A/JavaNativeFoundation
0x00007fff6f6d2000 	/System/Library/Frameworks/JavaRuntimeSupport.framework/Versions/A/JavaRuntimeSupport
0x00007fff3d136000 	/System/Library/Frameworks/Carbon.framework/Versions/A/Carbon
0x00007fff31baa000 	/System/Library/PrivateFrameworks/CoreSymbolication.framework/Versions/A/CoreSymbolication
0x00007fff3643c000 	/System/Library/Frameworks/Carbon.framework/Versions/A/Frameworks/CommonPanels.framework/Versions/A/CommonPanels
0x00007fff32f8f000 	/System/Library/Frameworks/Carbon.framework/Versions/A/Frameworks/Help.framework/Versions/A/Help
0x00007fff36440000 	/System/Library/Frameworks/Carbon.framework/Versions/A/Frameworks/ImageCapture.framework/Versions/A/ImageCapture
0x00007fff36418000 	/System/Library/Frameworks/Carbon.framework/Versions/A/Frameworks/OpenScripting.framework/Versions/A/OpenScripting
0x00007fff36438000 	/System/Library/Frameworks/Carbon.framework/Versions/A/Frameworks/Ink.framework/Versions/A/Ink
0x00007fff3d132000 	/System/Library/Frameworks/Carbon.framework/Versions/A/Frameworks/Print.framework/Versions/A/Print
0x00007fff36434000 	/System/Library/Frameworks/Carbon.framework/Versions/A/Frameworks/SecurityHI.framework/Versions/A/SecurityHI
0x00007fff31b6d000 	/System/Library/PrivateFrameworks/DebugSymbols.framework/Versions/A/DebugSymbols
0x000000010a639000 	/Users/markmcdermott/Library/Java/JavaVirtualMachines/openjdk-14.0.1/Contents/Home/lib/libawt_lwawt.dylib
0x000000010a80a000 	/Users/markmcdermott/Library/Java/JavaVirtualMachines/openjdk-14.0.1/Contents/Home/lib/libosxapp.dylib
0x00007fff3c4f6000 	/System/Library/Frameworks/ExceptionHandling.framework/Versions/A/ExceptionHandling
0x000000010a831000 	/Users/markmcdermott/Library/Java/JavaVirtualMachines/openjdk-14.0.1/Contents/Home/lib/libfontmanager.dylib
0x000000010a937000 	/Users/markmcdermott/Library/Java/JavaVirtualMachines/openjdk-14.0.1/Contents/Home/lib/libfreetype.dylib
0x00007fff22ab8000 	/System/Library/PrivateFrameworks/CoreServicesInternal.framework/Versions/A/CoreServicesInternal
0x00007fff310ca000 	/System/Library/Frameworks/FileProvider.framework/Versions/A/FileProvider
0x00007fff260c4000 	/System/Library/Frameworks/Accounts.framework/Versions/A/Accounts
0x00007fff311eb000 	/System/Library/PrivateFrameworks/GenerationalStorage.framework/Versions/A/GenerationalStorage
0x00007fff30ae9000 	/System/Library/PrivateFrameworks/SymptomDiagnosticReporter.framework/Versions/A/SymptomDiagnosticReporter
0x00007fff2e3f6000 	/System/Library/PrivateFrameworks/AppContainer.framework/Versions/A/AppContainer
0x00007fff23c02000 	/System/Library/PrivateFrameworks/DesktopServicesPriv.framework/Versions/A/DesktopServicesPriv
0x00007fff22bec000 	/usr/lib/libsandbox.1.dylib
0x00007fff27340000 	/System/Library/PrivateFrameworks/UserManagement.framework/Versions/A/UserManagement
0x00007fff29c3e000 	/System/Library/PrivateFrameworks/MobileKeyBag.framework/Versions/A/MobileKeyBag
0x00007fff3453d000 	/System/Library/PrivateFrameworks/ChunkingLibrary.framework/Versions/A/ChunkingLibrary
0x00007fff2e40b000 	/System/Library/PrivateFrameworks/SecCodeWrapper.framework/Versions/A/SecCodeWrapper
0x00007fff2ae9d000 	/System/Library/PrivateFrameworks/CrashReporterSupport.framework/Versions/A/CrashReporterSupport
0x00007fff482a0000 	/System/Library/PrivateFrameworks/OSAnalytics.framework/Versions/A/OSAnalytics
0x00007fff783b9000 	/usr/lib/libRosetta.dylib
0x00007fff32f20000 	/System/Library/PrivateFrameworks/RemoteServiceDiscovery.framework/Versions/A/RemoteServiceDiscovery
0x00007fff5225e000 	/System/Library/PrivateFrameworks/Symbolication.framework/Versions/A/Symbolication
0x00007fff32f30000 	/System/Library/PrivateFrameworks/RemoteXPC.framework/Versions/A/RemoteXPC
0x00007fff3942d000 	/System/Library/PrivateFrameworks/OSAServicesClient.framework/Versions/A/OSAServicesClient
0x00007fff3dd07000 	/System/Library/PrivateFrameworks/MallocStackLogging.framework/Versions/A/MallocStackLogging
0x00007fff2e18d000 	/System/Library/PrivateFrameworks/Sharing.framework/Versions/A/Sharing
0x00007fff32afd000 	/System/Library/PrivateFrameworks/Apple80211.framework/Versions/A/Apple80211
0x00007fff2a2c2000 	/System/Library/PrivateFrameworks/AuthKit.framework/Versions/A/AuthKit
0x00007fff29a3e000 	/System/Library/PrivateFrameworks/CoreUtils.framework/Versions/A/CoreUtils
0x00007fff2996b000 	/System/Library/Frameworks/CoreWLAN.framework/Versions/A/CoreWLAN
0x00007fff2e2d5000 	/System/Library/Frameworks/IOBluetooth.framework/Versions/A/IOBluetooth
0x00007fff32b61000 	/System/Library/PrivateFrameworks/CoreWiFi.framework/Versions/A/CoreWiFi
0x00007fff2d835000 	/System/Library/PrivateFrameworks/CorePhoneNumbers.framework/Versions/A/CorePhoneNumbers
0x00007fff30bf1000 	/System/Library/PrivateFrameworks/DiskManagement.framework/Versions/A/DiskManagement
0x00007fff30b07000 	/System/Library/PrivateFrameworks/AppleIDAuthSupport.framework/Versions/A/AppleIDAuthSupport
0x00007fff2d812000 	/System/Library/PrivateFrameworks/KeychainCircle.framework/Versions/A/KeychainCircle
0x00007fff30bbd000 	/System/Library/PrivateFrameworks/MediaKit.framework/Versions/A/MediaKit
0x00007fff30b14000 	/System/Library/Frameworks/DiscRecording.framework/Versions/A/DiscRecording
0x00007fff2afc0000 	/usr/lib/libCoreStorage.dylib
0x00007fff32f9b000 	/usr/lib/libcsfde.dylib
0x00007fff2e40f000 	/System/Library/PrivateFrameworks/ProtectedCloudStorage.framework/Versions/A/ProtectedCloudStorage
0x00007fff32f93000 	/System/Library/PrivateFrameworks/EFILogin.framework/Versions/A/EFILogin
0x00007fff33587000 	/System/Library/Frameworks/AudioUnit.framework/Versions/A/AudioUnit
0x00007fff30a86000 	/System/Library/Frameworks/CoreBluetooth.framework/Versions/A/CoreBluetooth
0x00007fff2afb8000 	/usr/lib/libMatch.1.dylib
0x00007fff43f3c000 	/System/Library/CoreServices/RawCamera.bundle/Contents/MacOS/RawCamera
0x00007fff2d7be000 	/System/Library/PrivateFrameworks/MobileAsset.framework/Versions/A/MobileAsset
0x00007fff335ac000 	/System/Library/PrivateFrameworks/StreamingZip.framework/Versions/A/StreamingZip
0x00007fff2bf61000 	/System/Library/Frameworks/MediaToolbox.framework/Versions/A/MediaToolbox
0x00007fff3109c000 	/System/Library/PrivateFrameworks/CoreAVCHD.framework/Versions/A/CoreAVCHD
0x00007fff30250000 	/System/Library/Frameworks/MediaAccessibility.framework/Versions/A/MediaAccessibility
0x00007fff31098000 	/System/Library/PrivateFrameworks/Mangrove.framework/Versions/A/Mangrove
0x00007fff3025c000 	/System/Library/PrivateFrameworks/AlgosScoreFramework.framework/Versions/A/AlgosScoreFramework
0x00007fff31a5d000 	/System/Library/PrivateFrameworks/AppleVPA.framework/Versions/A/AppleVPA
0x00007fff30cdd000 	/System/Library/PrivateFrameworks/CoreAUC.framework/Versions/A/CoreAUC
0x00007fff4192e000 	/System/Library/Frameworks/Accelerate.framework/Versions/A/Frameworks/vImage.framework/Versions/A/Libraries/libCGInterfaces.dylib
0x000000010ae63000 	/usr/lib/libobjc-trampolines.dylib
0x00007fff27042000 	/System/Library/PrivateFrameworks/ViewBridge.framework/Versions/A/ViewBridge
0x00007fff2b762000 	/System/Library/PrivateFrameworks/login.framework/Versions/A/login
0x00007fff6ca6b000 	/System/Library/Frameworks/OpenGL.framework/Versions/A/Resources/GLEngine.bundle/GLEngine
0x00007fff6c8cb000 	/System/Library/Frameworks/OpenGL.framework/Versions/A/Libraries/libGLProgrammability.dylib
0x00007fff5fbfb000 	/System/Library/Extensions/AppleIntelKBLGraphicsGLDriver.bundle/Contents/MacOS/AppleIntelKBLGraphicsGLDriver
0x00007fff46c34000 	/System/Library/PrivateFrameworks/GPUSupport.framework/Versions/A/Libraries/libGPUSupportMercury.dylib
0x0000000140a7f000 	/System/Library/Extensions/AMDRadeonX4000GLDriver.bundle/Contents/MacOS/AMDRadeonX4000GLDriver
0x00007fff6ed7c000 	/System/Library/Extensions/AMDRadeonX4000GLDriver.bundle/Contents/MacOS/ATIRadeonX4000SCLib.dylib
0x00007fff5ee9f000 	/System/Library/Extensions/AMDShared.bundle/Contents/PlugIns/libSC.dylib
0x00007fff6cbe7000 	/System/Library/Frameworks/OpenGL.framework/Versions/A/Resources/GLRendererFloat.bundle/GLRendererFloat
0x0000000140c35000 	/Users/markmcdermott/Library/Java/JavaVirtualMachines/openjdk-14.0.1/Contents/Home/lib/libosxui.dylib


VM Arguments:
jvm_args: -javaagent:/Applications/IntelliJ IDEA.app/Contents/lib/idea_rt.jar=59903:/Applications/IntelliJ IDEA.app/Contents/bin -Dfile.encoding=UTF-8 
java_command: Main
java_class_path (initial): /Users/markmcdermott/Desktop/mcdmodelcheckermvc/target/classes:/Users/markmcdermott/.m2/repository/org/apache/maven/plugins/maven-compiler-plugin/3.8.1/maven-compiler-plugin-3.8.1.jar:/Users/markmcdermott/.m2/repository/org/apache/maven/maven-plugin-api/3.0/maven-plugin-api-3.0.jar:/Users/markmcdermott/.m2/repository/org/apache/maven/maven-model/3.0/maven-model-3.0.jar:/Users/markmcdermott/.m2/repository/org/sonatype/sisu/sisu-inject-plexus/1.4.2/sisu-inject-plexus-1.4.2.jar:/Users/markmcdermott/.m2/repository/org/sonatype/sisu/sisu-inject-bean/1.4.2/sisu-inject-bean-1.4.2.jar:/Users/markmcdermott/.m2/repository/org/sonatype/sisu/sisu-guice/2.1.7/sisu-guice-2.1.7-noaop.jar:/Users/markmcdermott/.m2/repository/org/apache/maven/maven-artifact/3.0/maven-artifact-3.0.jar:/Users/markmcdermott/.m2/repository/org/codehaus/plexus/plexus-utils/2.0.4/plexus-utils-2.0.4.jar:/Users/markmcdermott/.m2/repository/org/apache/maven/maven-core/3.0/maven-core-3.0.jar:/Users/markmcdermott/.m2/repository/org/apache/maven/maven-settings/3.0/maven-settings-3.0.jar:/Users/markmcdermott/.m2/repository/org/apache/maven/maven-settings-builder/3.0/maven-settings-builder-3.0.jar:/Users/markmcdermott/.m2/repository/org/apache/maven/maven-repository-metadata/3.0/maven-repository-metadata-3.0.jar:/Users/markmcdermott/.m2/repository/org/apache/maven/maven-model-builder/3.0/maven-model-builder-3.0.jar:/Users/markmcdermott/.m2/repository/org/apache/maven/maven-aether-provider/3.0/maven-aether-provider-3.0.jar:/Users/markmcdermott/.m2/repository/org/sonatype/aether/aether-impl/1.7/aether-impl-1.7.jar:/Users/markmcdermott/.m2/repository/org/sonatype/aether/aether-spi/1.7/aether-spi-1.7.jar:/Users/markmcdermott/.m2/repository/org/sonatype/aether/aether-api/1.7/aether-api-1.7.jar:/Users/markmcdermott/.m2/repository/org/sonatype/aether/aether-util/1.7/aether-util-1.7.jar:/Users/markmcdermott/.m2/repository/org/codehaus/plexus/plexus-interpolation/1.14/plexus-interpolation-1.14.
Launcher Type: SUN_STANDARD

[Global flags]
     intx CICompilerCount                          = 4                                         {product} {ergonomic}
     uint ConcGCThreads                            = 3                                         {product} {ergonomic}
     uint G1ConcRefinementThreads                  = 10                                        {product} {ergonomic}
   size_t G1HeapRegionSize                         = 2097152                                   {product} {ergonomic}
    uintx GCDrainStackTargetSize                   = 64                                        {product} {ergonomic}
   size_t InitialHeapSize                          = 536870912                                 {product} {ergonomic}
   size_t MarkStackSize                            = 4194304                                   {product} {ergonomic}
   size_t MaxHeapSize                              = 8589934592                                {product} {ergonomic}
   size_t MaxNewSize                               = 5152702464                                {product} {ergonomic}
   size_t MinHeapDeltaBytes                        = 2097152                                   {product} {ergonomic}
   size_t MinHeapSize                              = 8388608                                   {product} {ergonomic}
    uintx NonNMethodCodeHeapSize                   = 5839372                                {pd product} {ergonomic}
    uintx NonProfiledCodeHeapSize                  = 122909434                              {pd product} {ergonomic}
    uintx ProfiledCodeHeapSize                     = 122909434                              {pd product} {ergonomic}
    uintx ReservedCodeCacheSize                    = 251658240                              {pd product} {ergonomic}
     bool SegmentedCodeCache                       = true                                      {product} {ergonomic}
   size_t SoftMaxHeapSize                          = 8589934592                             {manageable} {ergonomic}
     bool UseCompressedClassPointers               = true                                 {lp64_product} {ergonomic}
     bool UseCompressedOops                        = true                                 {lp64_product} {ergonomic}
     bool UseG1GC                                  = true                                      {product} {ergonomic}

Logging:
Log output configuration:
 #0: stdout all=warning uptime,level,tags
 #1: stderr all=off uptime,level,tags

Environment Variables:
PATH=/usr/local/bin:/usr/bin:/bin:/usr/sbin:/sbin:/Applications/Postgres.app/Contents/Versions/latest/bin:/Library/PostgreSQL/13/bin
SHELL=/bin/bash

Signal Handlers:
SIGSEGV: [libjvm.dylib+0x741580], sa_mask[0]=11111111011111110111111111111111, sa_flags=SA_ONSTACK|SA_RESTART|SA_SIGINFO
SIGBUS: [libjvm.dylib+0x741580], sa_mask[0]=11111111011111110111111111111111, sa_flags=SA_RESTART|SA_SIGINFO
SIGFPE: [libjvm.dylib+0x741580], sa_mask[0]=11111111011111110111111111111111, sa_flags=SA_RESTART|SA_SIGINFO
SIGPIPE: [libjvm.dylib+0x5eb3a3], sa_mask[0]=11111111011111110111111111111111, sa_flags=SA_RESTART|SA_SIGINFO
SIGXFSZ: [libjvm.dylib+0x5eb3a3], sa_mask[0]=11111111011111110111111111111111, sa_flags=SA_RESTART|SA_SIGINFO
SIGILL: [libjvm.dylib+0x741580], sa_mask[0]=11111111011111110111111111111111, sa_flags=SA_RESTART|SA_SIGINFO
SIGUSR2: [libjvm.dylib+0x5eb975], sa_mask[0]=00100000000000000000000000000000, sa_flags=SA_RESTART|SA_SIGINFO
SIGHUP: [libjvm.dylib+0x5ea9d7], sa_mask[0]=11111111011111110111111111111111, sa_flags=SA_RESTART|SA_SIGINFO
SIGINT: [libjvm.dylib+0x5ea9d7], sa_mask[0]=11111111011111110111111111111111, sa_flags=SA_RESTART|SA_SIGINFO
SIGTERM: [libjvm.dylib+0x5ea9d7], sa_mask[0]=11111111011111110111111111111111, sa_flags=SA_RESTART|SA_SIGINFO
SIGQUIT: [libjvm.dylib+0x5ea9d7], sa_mask[0]=11111111011111110111111111111111, sa_flags=SA_RESTART|SA_SIGINFO


---------------  S Y S T E M  ---------------

OS:uname:Darwin 20.2.0 Darwin Kernel Version 20.2.0: Wed Dec  2 20:39:59 PST 2020; root:xnu-7195.60.75~1/RELEASE_X86_64 x86_64
OS uptime: 7 days 10:14 hours
rlimit: STACK 8192k, CORE 0k, NPROC 5568, NOFILE 10240, AS infinity, DATA infinity, FSIZE infinity
load average:3.39 2.89 3.03

CPU:total 12 (initial active 12) (6 cores per cpu, 2 threads per core) family 6 model 158 stepping 10, cmov, cx8, fxsr, mmx, sse, sse2, sse3, ssse3, sse4.1, sse4.2, popcnt, avx, avx2, aes, clmul, erms, 3dnowpref, lzcnt, ht, tsc, tscinvbit, bmi1, bmi2, adx, fma

Memory: 4k page, physical 33554432k(547408k free), swap 2097152k(1542656k free)

vm_info: OpenJDK 64-Bit Server VM (14.0.1+7) for bsd-amd64 JRE (14.0.1+7), built on Mar  5 2020 10:34:43 by "mach5one" with clang 4.2.1 Compatible Apple LLVM 10.0.0 (clang-1000.11.45.5)

END.
